{"F:\\App\\FE\\App.tsx": {"path":"F:\\App\\FE\\App.tsx","statementMap":{"0":{"start":{"line":19,"column":14},"end":{"line":19,"column":42}},"1":{"start":{"line":22,"column":2},"end":{"line":47,"column":4}}},"fnMap":{"0":{"name":"App","decl":{"start":{"line":21,"column":24},"end":{"line":21,"column":27}},"loc":{"start":{"line":21,"column":30},"end":{"line":48,"column":1}},"line":21}},"branchMap":{},"s":{"0":0,"1":0},"f":{"0":0},"b":{}}
,"F:\\App\\FE\\app-env.d.ts": {"path":"F:\\App\\FE\\app-env.d.ts","statementMap":{},"fnMap":{},"branchMap":{},"s":{},"f":{},"b":{}}
,"F:\\App\\FE\\nativewind-env.d.ts": {"path":"F:\\App\\FE\\nativewind-env.d.ts","statementMap":{},"fnMap":{},"branchMap":{},"s":{},"f":{},"b":{}}
,"F:\\App\\FE\\components\\Screens\\AutoGradingFlowScreen.tsx": {"path":"F:\\App\\FE\\components\\Screens\\AutoGradingFlowScreen.tsx","statementMap":{"0":{"start":{"line":29,"column":14},"end":{"line":34,"column":1}},"1":{"start":{"line":37,"column":21},"end":{"line":37,"column":72}},"2":{"start":{"line":38,"column":26},"end":{"line":38,"column":37}},"3":{"start":{"line":39,"column":32},"end":{"line":39,"column":47}},"4":{"start":{"line":40,"column":28},"end":{"line":40,"column":57}},"5":{"start":{"line":41,"column":36},"end":{"line":41,"column":65}},"6":{"start":{"line":42,"column":34},"end":{"line":42,"column":60}},"7":{"start":{"line":43,"column":38},"end":{"line":43,"column":49}},"8":{"start":{"line":44,"column":50},"end":{"line":44,"column":79}},"9":{"start":{"line":45,"column":34},"end":{"line":45,"column":83}},"10":{"start":{"line":48,"column":2},"end":{"line":50,"column":9}},"11":{"start":{"line":49,"column":4},"end":{"line":49,"column":24}},"12":{"start":{"line":52,"column":28},"end":{"line":78,"column":3}},"13":{"start":{"line":53,"column":20},"end":{"line":53,"column":25}},"14":{"start":{"line":54,"column":4},"end":{"line":77,"column":5}},"15":{"start":{"line":55,"column":6},"end":{"line":55,"column":23}},"16":{"start":{"line":56,"column":6},"end":{"line":56,"column":21}},"17":{"start":{"line":57,"column":18},"end":{"line":60,"column":8}},"18":{"start":{"line":61,"column":6},"end":{"line":64,"column":7}},"19":{"start":{"line":62,"column":21},"end":{"line":62,"column":53}},"20":{"start":{"line":62,"column":50},"end":{"line":62,"column":52}},"21":{"start":{"line":63,"column":8},"end":{"line":63,"column":61}},"22":{"start":{"line":65,"column":19},"end":{"line":65,"column":35}},"23":{"start":{"line":66,"column":6},"end":{"line":69,"column":7}},"24":{"start":{"line":67,"column":8},"end":{"line":67,"column":53}},"25":{"start":{"line":68,"column":8},"end":{"line":68,"column":25}},"26":{"start":{"line":71,"column":6},"end":{"line":74,"column":7}},"27":{"start":{"line":72,"column":8},"end":{"line":72,"column":65}},"28":{"start":{"line":73,"column":8},"end":{"line":73,"column":40}},"29":{"start":{"line":73,"column":30},"end":{"line":73,"column":38}},"30":{"start":{"line":76,"column":6},"end":{"line":76,"column":40}},"31":{"start":{"line":76,"column":22},"end":{"line":76,"column":40}},"32":{"start":{"line":80,"column":22},"end":{"line":93,"column":3}},"33":{"start":{"line":81,"column":4},"end":{"line":92,"column":5}},"34":{"start":{"line":82,"column":6},"end":{"line":82,"column":26}},"35":{"start":{"line":84,"column":6},"end":{"line":91,"column":8}},"36":{"start":{"line":88,"column":46},"end":{"line":88,"column":63}},"37":{"start":{"line":88,"column":64},"end":{"line":88,"column":84}},"38":{"start":{"line":89,"column":45},"end":{"line":89,"column":64}},"39":{"start":{"line":96,"column":23},"end":{"line":218,"column":3}},"40":{"start":{"line":97,"column":4},"end":{"line":100,"column":5}},"41":{"start":{"line":98,"column":6},"end":{"line":98,"column":40}},"42":{"start":{"line":99,"column":6},"end":{"line":99,"column":13}},"43":{"start":{"line":101,"column":4},"end":{"line":101,"column":21}},"44":{"start":{"line":102,"column":4},"end":{"line":102,"column":19}},"45":{"start":{"line":103,"column":4},"end":{"line":217,"column":5}},"46":{"start":{"line":104,"column":23},"end":{"line":104,"column":37}},"47":{"start":{"line":105,"column":6},"end":{"line":105,"column":47}},"48":{"start":{"line":106,"column":6},"end":{"line":110,"column":16}},"49":{"start":{"line":113,"column":21},"end":{"line":113,"column":23}},"50":{"start":{"line":114,"column":6},"end":{"line":132,"column":7}},"51":{"start":{"line":116,"column":10},"end":{"line":116,"column":39}},"52":{"start":{"line":117,"column":10},"end":{"line":117,"column":16}},"53":{"start":{"line":119,"column":10},"end":{"line":119,"column":40}},"54":{"start":{"line":120,"column":10},"end":{"line":120,"column":16}},"55":{"start":{"line":122,"column":10},"end":{"line":122,"column":32}},"56":{"start":{"line":123,"column":10},"end":{"line":123,"column":16}},"57":{"start":{"line":125,"column":10},"end":{"line":125,"column":32}},"58":{"start":{"line":126,"column":10},"end":{"line":126,"column":16}},"59":{"start":{"line":128,"column":10},"end":{"line":128,"column":32}},"60":{"start":{"line":129,"column":10},"end":{"line":129,"column":16}},"61":{"start":{"line":131,"column":10},"end":{"line":131,"column":37}},"62":{"start":{"line":134,"column":18},"end":{"line":140,"column":8}},"63":{"start":{"line":142,"column":6},"end":{"line":145,"column":7}},"64":{"start":{"line":143,"column":21},"end":{"line":143,"column":37}},"65":{"start":{"line":144,"column":8},"end":{"line":144,"column":56}},"66":{"start":{"line":147,"column":19},"end":{"line":147,"column":35}},"67":{"start":{"line":150,"column":6},"end":{"line":212,"column":7}},"68":{"start":{"line":151,"column":8},"end":{"line":151,"column":86}},"69":{"start":{"line":151,"column":36},"end":{"line":151,"column":86}},"70":{"start":{"line":152,"column":21},"end":{"line":152,"column":43}},"71":{"start":{"line":153,"column":8},"end":{"line":153,"column":56}},"72":{"start":{"line":153,"column":28},"end":{"line":153,"column":53}},"73":{"start":{"line":156,"column":8},"end":{"line":171,"column":9}},"74":{"start":{"line":157,"column":28},"end":{"line":160,"column":12}},"75":{"start":{"line":161,"column":10},"end":{"line":164,"column":11}},"76":{"start":{"line":162,"column":24},"end":{"line":162,"column":62}},"77":{"start":{"line":162,"column":59},"end":{"line":162,"column":61}},"78":{"start":{"line":163,"column":12},"end":{"line":163,"column":91}},"79":{"start":{"line":165,"column":29},"end":{"line":165,"column":51}},"80":{"start":{"line":166,"column":10},"end":{"line":166,"column":83}},"81":{"start":{"line":166,"column":43},"end":{"line":166,"column":83}},"82":{"start":{"line":167,"column":10},"end":{"line":167,"column":65}},"83":{"start":{"line":169,"column":10},"end":{"line":169,"column":104}},"84":{"start":{"line":170,"column":10},"end":{"line":170,"column":17}},"85":{"start":{"line":174,"column":8},"end":{"line":174,"column":34}},"86":{"start":{"line":175,"column":13},"end":{"line":212,"column":7}},"87":{"start":{"line":176,"column":8},"end":{"line":176,"column":88}},"88":{"start":{"line":176,"column":37},"end":{"line":176,"column":88}},"89":{"start":{"line":177,"column":8},"end":{"line":177,"column":76}},"90":{"start":{"line":177,"column":28},"end":{"line":177,"column":73}},"91":{"start":{"line":179,"column":8},"end":{"line":179,"column":19}},"92":{"start":{"line":180,"column":13},"end":{"line":212,"column":7}},"93":{"start":{"line":181,"column":8},"end":{"line":181,"column":84}},"94":{"start":{"line":181,"column":35},"end":{"line":181,"column":84}},"95":{"start":{"line":182,"column":8},"end":{"line":182,"column":72}},"96":{"start":{"line":182,"column":28},"end":{"line":182,"column":69}},"97":{"start":{"line":184,"column":8},"end":{"line":184,"column":19}},"98":{"start":{"line":185,"column":13},"end":{"line":212,"column":7}},"99":{"start":{"line":186,"column":8},"end":{"line":186,"column":84}},"100":{"start":{"line":186,"column":35},"end":{"line":186,"column":84}},"101":{"start":{"line":187,"column":8},"end":{"line":187,"column":72}},"102":{"start":{"line":187,"column":28},"end":{"line":187,"column":69}},"103":{"start":{"line":189,"column":8},"end":{"line":189,"column":19}},"104":{"start":{"line":190,"column":13},"end":{"line":212,"column":7}},"105":{"start":{"line":191,"column":8},"end":{"line":191,"column":84}},"106":{"start":{"line":191,"column":35},"end":{"line":191,"column":84}},"107":{"start":{"line":192,"column":8},"end":{"line":192,"column":72}},"108":{"start":{"line":192,"column":28},"end":{"line":192,"column":69}},"109":{"start":{"line":195,"column":8},"end":{"line":195,"column":25}},"110":{"start":{"line":196,"column":27},"end":{"line":196,"column":41}},"111":{"start":{"line":197,"column":8},"end":{"line":197,"column":51}},"112":{"start":{"line":198,"column":8},"end":{"line":198,"column":84}},"113":{"start":{"line":198,"column":30},"end":{"line":198,"column":84}},"114":{"start":{"line":199,"column":26},"end":{"line":203,"column":10}},"115":{"start":{"line":205,"column":8},"end":{"line":208,"column":9}},"116":{"start":{"line":206,"column":20},"end":{"line":206,"column":58}},"117":{"start":{"line":206,"column":55},"end":{"line":206,"column":57}},"118":{"start":{"line":207,"column":10},"end":{"line":207,"column":78}},"119":{"start":{"line":210,"column":27},"end":{"line":210,"column":49}},"120":{"start":{"line":211,"column":8},"end":{"line":211,"column":69}},"121":{"start":{"line":214,"column":6},"end":{"line":214,"column":58}},"122":{"start":{"line":216,"column":6},"end":{"line":216,"column":24}},"123":{"start":{"line":220,"column":28},"end":{"line":227,"column":3}},"124":{"start":{"line":221,"column":28},"end":{"line":224,"column":7}},"125":{"start":{"line":221,"column":60},"end":{"line":224,"column":5}},"126":{"start":{"line":226,"column":4},"end":{"line":226,"column":76}},"127":{"start":{"line":229,"column":29},"end":{"line":248,"column":3}},"128":{"start":{"line":230,"column":4},"end":{"line":247,"column":11}},"129":{"start":{"line":251,"column":2},"end":{"line":265,"column":3}},"130":{"start":{"line":252,"column":4},"end":{"line":264,"column":6}},"131":{"start":{"line":267,"column":2},"end":{"line":292,"column":3}},"132":{"start":{"line":268,"column":4},"end":{"line":291,"column":6}},"133":{"start":{"line":279,"column":25},"end":{"line":279,"column":81}},"134":{"start":{"line":285,"column":25},"end":{"line":285,"column":44}},"135":{"start":{"line":294,"column":2},"end":{"line":323,"column":4}},"136":{"start":{"line":302,"column":54},"end":{"line":302,"column":84}},"137":{"start":{"line":304,"column":53},"end":{"line":304,"column":84}},"138":{"start":{"line":310,"column":51},"end":{"line":310,"column":74}},"139":{"start":{"line":315,"column":51},"end":{"line":315,"column":74}},"140":{"start":{"line":320,"column":51},"end":{"line":320,"column":74}}},"fnMap":{"0":{"name":"AutoGradingFlowScreen","decl":{"start":{"line":36,"column":24},"end":{"line":36,"column":45}},"loc":{"start":{"line":36,"column":48},"end":{"line":324,"column":1}},"line":36},"1":{"name":"(anonymous_1)","decl":{"start":{"line":48,"column":12},"end":{"line":48,"column":13}},"loc":{"start":{"line":48,"column":18},"end":{"line":50,"column":3}},"line":48},"2":{"name":"(anonymous_2)","decl":{"start":{"line":52,"column":28},"end":{"line":52,"column":29}},"loc":{"start":{"line":52,"column":40},"end":{"line":78,"column":3}},"line":52},"3":{"name":"(anonymous_3)","decl":{"start":{"line":62,"column":44},"end":{"line":62,"column":45}},"loc":{"start":{"line":62,"column":50},"end":{"line":62,"column":52}},"line":62},"4":{"name":"(anonymous_4)","decl":{"start":{"line":73,"column":22},"end":{"line":73,"column":23}},"loc":{"start":{"line":73,"column":30},"end":{"line":73,"column":38}},"line":73},"5":{"name":"(anonymous_5)","decl":{"start":{"line":80,"column":22},"end":{"line":80,"column":23}},"loc":{"start":{"line":80,"column":28},"end":{"line":93,"column":3}},"line":80},"6":{"name":"(anonymous_6)","decl":{"start":{"line":88,"column":38},"end":{"line":88,"column":39}},"loc":{"start":{"line":88,"column":44},"end":{"line":88,"column":86}},"line":88},"7":{"name":"(anonymous_7)","decl":{"start":{"line":89,"column":39},"end":{"line":89,"column":40}},"loc":{"start":{"line":89,"column":45},"end":{"line":89,"column":64}},"line":89},"8":{"name":"(anonymous_8)","decl":{"start":{"line":96,"column":23},"end":{"line":96,"column":24}},"loc":{"start":{"line":96,"column":106},"end":{"line":218,"column":3}},"line":96},"9":{"name":"(anonymous_9)","decl":{"start":{"line":153,"column":20},"end":{"line":153,"column":21}},"loc":{"start":{"line":153,"column":28},"end":{"line":153,"column":53}},"line":153},"10":{"name":"(anonymous_10)","decl":{"start":{"line":162,"column":53},"end":{"line":162,"column":54}},"loc":{"start":{"line":162,"column":59},"end":{"line":162,"column":61}},"line":162},"11":{"name":"(anonymous_11)","decl":{"start":{"line":177,"column":20},"end":{"line":177,"column":21}},"loc":{"start":{"line":177,"column":28},"end":{"line":177,"column":73}},"line":177},"12":{"name":"(anonymous_12)","decl":{"start":{"line":182,"column":20},"end":{"line":182,"column":21}},"loc":{"start":{"line":182,"column":28},"end":{"line":182,"column":69}},"line":182},"13":{"name":"(anonymous_13)","decl":{"start":{"line":187,"column":20},"end":{"line":187,"column":21}},"loc":{"start":{"line":187,"column":28},"end":{"line":187,"column":69}},"line":187},"14":{"name":"(anonymous_14)","decl":{"start":{"line":192,"column":20},"end":{"line":192,"column":21}},"loc":{"start":{"line":192,"column":28},"end":{"line":192,"column":69}},"line":192},"15":{"name":"(anonymous_15)","decl":{"start":{"line":206,"column":49},"end":{"line":206,"column":50}},"loc":{"start":{"line":206,"column":55},"end":{"line":206,"column":57}},"line":206},"16":{"name":"(anonymous_16)","decl":{"start":{"line":220,"column":28},"end":{"line":220,"column":29}},"loc":{"start":{"line":220,"column":34},"end":{"line":227,"column":3}},"line":220},"17":{"name":"(anonymous_17)","decl":{"start":{"line":221,"column":38},"end":{"line":221,"column":39}},"loc":{"start":{"line":221,"column":60},"end":{"line":224,"column":5}},"line":221},"18":{"name":"(anonymous_18)","decl":{"start":{"line":229,"column":29},"end":{"line":229,"column":30}},"loc":{"start":{"line":230,"column":4},"end":{"line":247,"column":11}},"line":230},"19":{"name":"(anonymous_19)","decl":{"start":{"line":279,"column":19},"end":{"line":279,"column":20}},"loc":{"start":{"line":279,"column":25},"end":{"line":279,"column":81}},"line":279},"20":{"name":"(anonymous_20)","decl":{"start":{"line":285,"column":19},"end":{"line":285,"column":20}},"loc":{"start":{"line":285,"column":25},"end":{"line":285,"column":44}},"line":285},"21":{"name":"(anonymous_21)","decl":{"start":{"line":302,"column":45},"end":{"line":302,"column":46}},"loc":{"start":{"line":302,"column":54},"end":{"line":302,"column":84}},"line":302},"22":{"name":"(anonymous_22)","decl":{"start":{"line":304,"column":44},"end":{"line":304,"column":45}},"loc":{"start":{"line":304,"column":53},"end":{"line":304,"column":84}},"line":304},"23":{"name":"(anonymous_23)","decl":{"start":{"line":310,"column":42},"end":{"line":310,"column":43}},"loc":{"start":{"line":310,"column":51},"end":{"line":310,"column":74}},"line":310},"24":{"name":"(anonymous_24)","decl":{"start":{"line":315,"column":42},"end":{"line":315,"column":43}},"loc":{"start":{"line":315,"column":51},"end":{"line":315,"column":74}},"line":315},"25":{"name":"(anonymous_25)","decl":{"start":{"line":320,"column":42},"end":{"line":320,"column":43}},"loc":{"start":{"line":320,"column":51},"end":{"line":320,"column":74}},"line":320}},"branchMap":{"0":{"loc":{"start":{"line":61,"column":6},"end":{"line":64,"column":7}},"type":"if","locations":[{"start":{"line":61,"column":6},"end":{"line":64,"column":7}},{"start":{},"end":{}}],"line":61},"1":{"loc":{"start":{"line":66,"column":6},"end":{"line":69,"column":7}},"type":"if","locations":[{"start":{"line":66,"column":6},"end":{"line":69,"column":7}},{"start":{},"end":{}}],"line":66},"2":{"loc":{"start":{"line":67,"column":28},"end":{"line":67,"column":50}},"type":"binary-expr","locations":[{"start":{"line":67,"column":28},"end":{"line":67,"column":44}},{"start":{"line":67,"column":48},"end":{"line":67,"column":50}}],"line":67},"3":{"loc":{"start":{"line":71,"column":6},"end":{"line":74,"column":7}},"type":"if","locations":[{"start":{"line":71,"column":6},"end":{"line":74,"column":7}},{"start":{},"end":{}}],"line":71},"4":{"loc":{"start":{"line":72,"column":17},"end":{"line":72,"column":63}},"type":"binary-expr","locations":[{"start":{"line":72,"column":17},"end":{"line":72,"column":27}},{"start":{"line":72,"column":31},"end":{"line":72,"column":63}}],"line":72},"5":{"loc":{"start":{"line":76,"column":6},"end":{"line":76,"column":40}},"type":"if","locations":[{"start":{"line":76,"column":6},"end":{"line":76,"column":40}},{"start":{},"end":{}}],"line":76},"6":{"loc":{"start":{"line":81,"column":4},"end":{"line":92,"column":5}},"type":"if","locations":[{"start":{"line":81,"column":4},"end":{"line":92,"column":5}},{"start":{"line":83,"column":11},"end":{"line":92,"column":5}}],"line":81},"7":{"loc":{"start":{"line":97,"column":4},"end":{"line":100,"column":5}},"type":"if","locations":[{"start":{"line":97,"column":4},"end":{"line":100,"column":5}},{"start":{},"end":{}}],"line":97},"8":{"loc":{"start":{"line":114,"column":6},"end":{"line":132,"column":7}},"type":"switch","locations":[{"start":{"line":115,"column":8},"end":{"line":117,"column":16}},{"start":{"line":118,"column":8},"end":{"line":120,"column":16}},{"start":{"line":121,"column":8},"end":{"line":123,"column":16}},{"start":{"line":124,"column":8},"end":{"line":126,"column":16}},{"start":{"line":127,"column":8},"end":{"line":129,"column":16}},{"start":{"line":130,"column":8},"end":{"line":131,"column":37}}],"line":114},"9":{"loc":{"start":{"line":142,"column":6},"end":{"line":145,"column":7}},"type":"if","locations":[{"start":{"line":142,"column":6},"end":{"line":145,"column":7}},{"start":{},"end":{}}],"line":142},"10":{"loc":{"start":{"line":150,"column":6},"end":{"line":212,"column":7}},"type":"if","locations":[{"start":{"line":150,"column":6},"end":{"line":212,"column":7}},{"start":{"line":175,"column":13},"end":{"line":212,"column":7}}],"line":150},"11":{"loc":{"start":{"line":151,"column":8},"end":{"line":151,"column":86}},"type":"if","locations":[{"start":{"line":151,"column":8},"end":{"line":151,"column":86}},{"start":{},"end":{}}],"line":151},"12":{"loc":{"start":{"line":151,"column":52},"end":{"line":151,"column":84}},"type":"binary-expr","locations":[{"start":{"line":151,"column":52},"end":{"line":151,"column":63}},{"start":{"line":151,"column":67},"end":{"line":151,"column":84}}],"line":151},"13":{"loc":{"start":{"line":161,"column":10},"end":{"line":164,"column":11}},"type":"if","locations":[{"start":{"line":161,"column":10},"end":{"line":164,"column":11}},{"start":{},"end":{}}],"line":161},"14":{"loc":{"start":{"line":166,"column":10},"end":{"line":166,"column":83}},"type":"if","locations":[{"start":{"line":166,"column":10},"end":{"line":166,"column":83}},{"start":{},"end":{}}],"line":166},"15":{"loc":{"start":{"line":169,"column":19},"end":{"line":169,"column":102}},"type":"binary-expr","locations":[{"start":{"line":169,"column":19},"end":{"line":169,"column":29}},{"start":{"line":169,"column":33},"end":{"line":169,"column":102}}],"line":169},"16":{"loc":{"start":{"line":175,"column":13},"end":{"line":212,"column":7}},"type":"if","locations":[{"start":{"line":175,"column":13},"end":{"line":212,"column":7}},{"start":{"line":180,"column":13},"end":{"line":212,"column":7}}],"line":175},"17":{"loc":{"start":{"line":176,"column":8},"end":{"line":176,"column":88}},"type":"if","locations":[{"start":{"line":176,"column":8},"end":{"line":176,"column":88}},{"start":{},"end":{}}],"line":176},"18":{"loc":{"start":{"line":176,"column":53},"end":{"line":176,"column":86}},"type":"binary-expr","locations":[{"start":{"line":176,"column":53},"end":{"line":176,"column":64}},{"start":{"line":176,"column":68},"end":{"line":176,"column":86}}],"line":176},"19":{"loc":{"start":{"line":180,"column":13},"end":{"line":212,"column":7}},"type":"if","locations":[{"start":{"line":180,"column":13},"end":{"line":212,"column":7}},{"start":{"line":185,"column":13},"end":{"line":212,"column":7}}],"line":180},"20":{"loc":{"start":{"line":181,"column":8},"end":{"line":181,"column":84}},"type":"if","locations":[{"start":{"line":181,"column":8},"end":{"line":181,"column":84}},{"start":{},"end":{}}],"line":181},"21":{"loc":{"start":{"line":181,"column":51},"end":{"line":181,"column":82}},"type":"binary-expr","locations":[{"start":{"line":181,"column":51},"end":{"line":181,"column":62}},{"start":{"line":181,"column":66},"end":{"line":181,"column":82}}],"line":181},"22":{"loc":{"start":{"line":185,"column":13},"end":{"line":212,"column":7}},"type":"if","locations":[{"start":{"line":185,"column":13},"end":{"line":212,"column":7}},{"start":{"line":190,"column":13},"end":{"line":212,"column":7}}],"line":185},"23":{"loc":{"start":{"line":186,"column":8},"end":{"line":186,"column":84}},"type":"if","locations":[{"start":{"line":186,"column":8},"end":{"line":186,"column":84}},{"start":{},"end":{}}],"line":186},"24":{"loc":{"start":{"line":186,"column":51},"end":{"line":186,"column":82}},"type":"binary-expr","locations":[{"start":{"line":186,"column":51},"end":{"line":186,"column":62}},{"start":{"line":186,"column":66},"end":{"line":186,"column":82}}],"line":186},"25":{"loc":{"start":{"line":190,"column":13},"end":{"line":212,"column":7}},"type":"if","locations":[{"start":{"line":190,"column":13},"end":{"line":212,"column":7}},{"start":{},"end":{}}],"line":190},"26":{"loc":{"start":{"line":191,"column":8},"end":{"line":191,"column":84}},"type":"if","locations":[{"start":{"line":191,"column":8},"end":{"line":191,"column":84}},{"start":{},"end":{}}],"line":191},"27":{"loc":{"start":{"line":191,"column":51},"end":{"line":191,"column":82}},"type":"binary-expr","locations":[{"start":{"line":191,"column":51},"end":{"line":191,"column":62}},{"start":{"line":191,"column":66},"end":{"line":191,"column":82}}],"line":191},"28":{"loc":{"start":{"line":198,"column":8},"end":{"line":198,"column":84}},"type":"if","locations":[{"start":{"line":198,"column":8},"end":{"line":198,"column":84}},{"start":{},"end":{}}],"line":198},"29":{"loc":{"start":{"line":205,"column":8},"end":{"line":208,"column":9}},"type":"if","locations":[{"start":{"line":205,"column":8},"end":{"line":208,"column":9}},{"start":{},"end":{}}],"line":205},"30":{"loc":{"start":{"line":214,"column":39},"end":{"line":214,"column":54}},"type":"binary-expr","locations":[{"start":{"line":214,"column":39},"end":{"line":214,"column":49}},{"start":{"line":214,"column":53},"end":{"line":214,"column":54}}],"line":214},"31":{"loc":{"start":{"line":223,"column":14},"end":{"line":223,"column":80}},"type":"cond-expr","locations":[{"start":{"line":223,"column":29},"end":{"line":223,"column":40}},{"start":{"line":223,"column":43},"end":{"line":223,"column":80}}],"line":223},"32":{"loc":{"start":{"line":223,"column":43},"end":{"line":223,"column":80}},"type":"cond-expr","locations":[{"start":{"line":223,"column":60},"end":{"line":223,"column":68}},{"start":{"line":223,"column":71},"end":{"line":223,"column":80}}],"line":223},"33":{"loc":{"start":{"line":232,"column":7},"end":{"line":234,"column":7}},"type":"binary-expr","locations":[{"start":{"line":232,"column":7},"end":{"line":232,"column":25}},{"start":{"line":233,"column":8},"end":{"line":233,"column":82}}],"line":232},"34":{"loc":{"start":{"line":235,"column":7},"end":{"line":237,"column":7}},"type":"binary-expr","locations":[{"start":{"line":235,"column":7},"end":{"line":235,"column":26}},{"start":{"line":236,"column":8},"end":{"line":236,"column":81}}],"line":235},"35":{"loc":{"start":{"line":238,"column":7},"end":{"line":240,"column":7}},"type":"binary-expr","locations":[{"start":{"line":238,"column":7},"end":{"line":238,"column":38}},{"start":{"line":239,"column":8},"end":{"line":239,"column":87}}],"line":238},"36":{"loc":{"start":{"line":241,"column":7},"end":{"line":243,"column":7}},"type":"binary-expr","locations":[{"start":{"line":241,"column":7},"end":{"line":241,"column":38}},{"start":{"line":242,"column":8},"end":{"line":242,"column":87}}],"line":241},"37":{"loc":{"start":{"line":244,"column":7},"end":{"line":246,"column":7}},"type":"binary-expr","locations":[{"start":{"line":244,"column":7},"end":{"line":244,"column":38}},{"start":{"line":245,"column":8},"end":{"line":245,"column":87}}],"line":244},"38":{"loc":{"start":{"line":251,"column":2},"end":{"line":265,"column":3}},"type":"if","locations":[{"start":{"line":251,"column":2},"end":{"line":265,"column":3}},{"start":{},"end":{}}],"line":251},"39":{"loc":{"start":{"line":251,"column":6},"end":{"line":251,"column":27}},"type":"binary-expr","locations":[{"start":{"line":251,"column":6},"end":{"line":251,"column":13}},{"start":{"line":251,"column":17},"end":{"line":251,"column":27}}],"line":251},"40":{"loc":{"start":{"line":256,"column":11},"end":{"line":256,"column":70}},"type":"cond-expr","locations":[{"start":{"line":256,"column":23},"end":{"line":256,"column":38}},{"start":{"line":256,"column":41},"end":{"line":256,"column":70}}],"line":256},"41":{"loc":{"start":{"line":258,"column":9},"end":{"line":262,"column":9}},"type":"binary-expr","locations":[{"start":{"line":258,"column":9},"end":{"line":258,"column":19}},{"start":{"line":258,"column":23},"end":{"line":258,"column":37}},{"start":{"line":259,"column":10},"end":{"line":261,"column":17}}],"line":258},"42":{"loc":{"start":{"line":267,"column":2},"end":{"line":292,"column":3}},"type":"if","locations":[{"start":{"line":267,"column":2},"end":{"line":292,"column":3}},{"start":{},"end":{}}],"line":267},"43":{"loc":{"start":{"line":297,"column":7},"end":{"line":297,"column":63}},"type":"binary-expr","locations":[{"start":{"line":297,"column":7},"end":{"line":297,"column":39}},{"start":{"line":297,"column":43},"end":{"line":297,"column":63}}],"line":297},"44":{"loc":{"start":{"line":300,"column":7},"end":{"line":306,"column":7}},"type":"binary-expr","locations":[{"start":{"line":300,"column":7},"end":{"line":300,"column":17}},{"start":{"line":301,"column":8},"end":{"line":305,"column":9}}],"line":300},"45":{"loc":{"start":{"line":301,"column":8},"end":{"line":305,"column":9}},"type":"cond-expr","locations":[{"start":{"line":302,"column":10},"end":{"line":302,"column":88}},{"start":{"line":304,"column":10},"end":{"line":304,"column":88}}],"line":301},"46":{"loc":{"start":{"line":309,"column":7},"end":{"line":311,"column":7}},"type":"binary-expr","locations":[{"start":{"line":309,"column":7},"end":{"line":309,"column":17}},{"start":{"line":310,"column":8},"end":{"line":310,"column":78}}],"line":309},"47":{"loc":{"start":{"line":314,"column":7},"end":{"line":316,"column":7}},"type":"binary-expr","locations":[{"start":{"line":314,"column":7},"end":{"line":314,"column":17}},{"start":{"line":315,"column":8},"end":{"line":315,"column":78}}],"line":314},"48":{"loc":{"start":{"line":319,"column":7},"end":{"line":321,"column":7}},"type":"binary-expr","locations":[{"start":{"line":319,"column":7},"end":{"line":319,"column":17}},{"start":{"line":320,"column":8},"end":{"line":320,"column":78}}],"line":319}},"s":{"0":0,"1":0,"2":0,"3":0,"4":0,"5":0,"6":0,"7":0,"8":0,"9":0,"10":0,"11":0,"12":0,"13":0,"14":0,"15":0,"16":0,"17":0,"18":0,"19":0,"20":0,"21":0,"22":0,"23":0,"24":0,"25":0,"26":0,"27":0,"28":0,"29":0,"30":0,"31":0,"32":0,"33":0,"34":0,"35":0,"36":0,"37":0,"38":0,"39":0,"40":0,"41":0,"42":0,"43":0,"44":0,"45":0,"46":0,"47":0,"48":0,"49":0,"50":0,"51":0,"52":0,"53":0,"54":0,"55":0,"56":0,"57":0,"58":0,"59":0,"60":0,"61":0,"62":0,"63":0,"64":0,"65":0,"66":0,"67":0,"68":0,"69":0,"70":0,"71":0,"72":0,"73":0,"74":0,"75":0,"76":0,"77":0,"78":0,"79":0,"80":0,"81":0,"82":0,"83":0,"84":0,"85":0,"86":0,"87":0,"88":0,"89":0,"90":0,"91":0,"92":0,"93":0,"94":0,"95":0,"96":0,"97":0,"98":0,"99":0,"100":0,"101":0,"102":0,"103":0,"104":0,"105":0,"106":0,"107":0,"108":0,"109":0,"110":0,"111":0,"112":0,"113":0,"114":0,"115":0,"116":0,"117":0,"118":0,"119":0,"120":0,"121":0,"122":0,"123":0,"124":0,"125":0,"126":0,"127":0,"128":0,"129":0,"130":0,"131":0,"132":0,"133":0,"134":0,"135":0,"136":0,"137":0,"138":0,"139":0,"140":0},"f":{"0":0,"1":0,"2":0,"3":0,"4":0,"5":0,"6":0,"7":0,"8":0,"9":0,"10":0,"11":0,"12":0,"13":0,"14":0,"15":0,"16":0,"17":0,"18":0,"19":0,"20":0,"21":0,"22":0,"23":0,"24":0,"25":0},"b":{"0":[0,0],"1":[0,0],"2":[0,0],"3":[0,0],"4":[0,0],"5":[0,0],"6":[0,0],"7":[0,0],"8":[0,0,0,0,0,0],"9":[0,0],"10":[0,0],"11":[0,0],"12":[0,0],"13":[0,0],"14":[0,0],"15":[0,0],"16":[0,0],"17":[0,0],"18":[0,0],"19":[0,0],"20":[0,0],"21":[0,0],"22":[0,0],"23":[0,0],"24":[0,0],"25":[0,0],"26":[0,0],"27":[0,0],"28":[0,0],"29":[0,0],"30":[0,0],"31":[0,0],"32":[0,0],"33":[0,0],"34":[0,0],"35":[0,0],"36":[0,0],"37":[0,0],"38":[0,0],"39":[0,0],"40":[0,0],"41":[0,0,0],"42":[0,0],"43":[0,0],"44":[0,0],"45":[0,0],"46":[0,0],"47":[0,0],"48":[0,0]}}
,"F:\\App\\FE\\components\\Screens\\CameraScreen.tsx": {"path":"F:\\App\\FE\\components\\Screens\\CameraScreen.tsx","statementMap":{},"fnMap":{},"branchMap":{},"s":{},"f":{},"b":{}}
,"F:\\App\\FE\\components\\Screens\\CreateCorrectAnswersScreen.tsx": {"path":"F:\\App\\FE\\components\\Screens\\CreateCorrectAnswersScreen.tsx","statementMap":{"0":{"start":{"line":12,"column":21},"end":{"line":12,"column":41}},"1":{"start":{"line":13,"column":26},"end":{"line":13,"column":56}},"2":{"start":{"line":14,"column":34},"end":{"line":14,"column":54}},"3":{"start":{"line":15,"column":32},"end":{"line":15,"column":47}},"4":{"start":{"line":16,"column":38},"end":{"line":16,"column":67}},"5":{"start":{"line":17,"column":38},"end":{"line":17,"column":67}},"6":{"start":{"line":18,"column":38},"end":{"line":18,"column":67}},"7":{"start":{"line":19,"column":44},"end":{"line":19,"column":64}},"8":{"start":{"line":21,"column":33},"end":{"line":38,"column":3}},"9":{"start":{"line":22,"column":4},"end":{"line":22,"column":21}},"10":{"start":{"line":23,"column":4},"end":{"line":37,"column":5}},"11":{"start":{"line":24,"column":23},"end":{"line":24,"column":37}},"12":{"start":{"line":25,"column":6},"end":{"line":25,"column":90}},"13":{"start":{"line":26,"column":18},"end":{"line":26,"column":95}},"14":{"start":{"line":27,"column":6},"end":{"line":27,"column":53}},"15":{"start":{"line":27,"column":19},"end":{"line":27,"column":53}},"16":{"start":{"line":28,"column":19},"end":{"line":28,"column":35}},"17":{"start":{"line":29,"column":19},"end":{"line":29,"column":48}},"18":{"start":{"line":30,"column":6},"end":{"line":30,"column":58}},"19":{"start":{"line":30,"column":17},"end":{"line":30,"column":58}},"20":{"start":{"line":31,"column":6},"end":{"line":31,"column":24}},"21":{"start":{"line":32,"column":6},"end":{"line":32,"column":17}},"22":{"start":{"line":34,"column":6},"end":{"line":34,"column":63}},"23":{"start":{"line":36,"column":6},"end":{"line":36,"column":24}},"24":{"start":{"line":40,"column":24},"end":{"line":45,"column":3}},"25":{"start":{"line":40,"column":54},"end":{"line":45,"column":3}},"26":{"start":{"line":41,"column":4},"end":{"line":41,"column":42}},"27":{"start":{"line":41,"column":23},"end":{"line":41,"column":42}},"28":{"start":{"line":42,"column":4},"end":{"line":42,"column":42}},"29":{"start":{"line":42,"column":23},"end":{"line":42,"column":42}},"30":{"start":{"line":43,"column":4},"end":{"line":43,"column":42}},"31":{"start":{"line":43,"column":23},"end":{"line":43,"column":42}},"32":{"start":{"line":44,"column":4},"end":{"line":44,"column":55}},"33":{"start":{"line":47,"column":29},"end":{"line":55,"column":3}},"34":{"start":{"line":48,"column":18},"end":{"line":48,"column":74}},"35":{"start":{"line":48,"column":49},"end":{"line":48,"column":57}},"36":{"start":{"line":49,"column":41},"end":{"line":49,"column":43}},"37":{"start":{"line":50,"column":4},"end":{"line":53,"column":5}},"38":{"start":{"line":51,"column":16},"end":{"line":51,"column":56}},"39":{"start":{"line":52,"column":6},"end":{"line":52,"column":64}},"40":{"start":{"line":52,"column":13},"end":{"line":52,"column":64}},"41":{"start":{"line":54,"column":4},"end":{"line":54,"column":15}},"42":{"start":{"line":59,"column":21},"end":{"line":86,"column":3}},"43":{"start":{"line":60,"column":4},"end":{"line":60,"column":136}},"44":{"start":{"line":61,"column":4},"end":{"line":61,"column":11}},"45":{"start":{"line":88,"column":25},"end":{"line":112,"column":3}},"46":{"start":{"line":89,"column":4},"end":{"line":92,"column":5}},"47":{"start":{"line":90,"column":6},"end":{"line":90,"column":60}},"48":{"start":{"line":91,"column":6},"end":{"line":91,"column":13}},"49":{"start":{"line":93,"column":4},"end":{"line":93,"column":21}},"50":{"start":{"line":94,"column":4},"end":{"line":111,"column":5}},"51":{"start":{"line":95,"column":19},"end":{"line":95,"column":33}},"52":{"start":{"line":96,"column":6},"end":{"line":96,"column":41}},"53":{"start":{"line":97,"column":6},"end":{"line":97,"column":92}},"54":{"start":{"line":98,"column":6},"end":{"line":98,"column":92}},"55":{"start":{"line":99,"column":6},"end":{"line":99,"column":92}},"56":{"start":{"line":100,"column":18},"end":{"line":100,"column":87}},"57":{"start":{"line":101,"column":6},"end":{"line":101,"column":53}},"58":{"start":{"line":101,"column":19},"end":{"line":101,"column":53}},"59":{"start":{"line":102,"column":19},"end":{"line":102,"column":35}},"60":{"start":{"line":103,"column":6},"end":{"line":106,"column":16}},"61":{"start":{"line":105,"column":23},"end":{"line":105,"column":42}},"62":{"start":{"line":108,"column":6},"end":{"line":108,"column":63}},"63":{"start":{"line":110,"column":6},"end":{"line":110,"column":24}},"64":{"start":{"line":114,"column":2},"end":{"line":121,"column":3}},"65":{"start":{"line":115,"column":4},"end":{"line":120,"column":6}},"66":{"start":{"line":123,"column":2},"end":{"line":214,"column":4}},"67":{"start":{"line":133,"column":14},"end":{"line":133,"column":109}},"68":{"start":{"line":152,"column":47},"end":{"line":152,"column":57}}},"fnMap":{"0":{"name":"CreateCorrectAnswersScreen","decl":{"start":{"line":11,"column":24},"end":{"line":11,"column":50}},"loc":{"start":{"line":11,"column":53},"end":{"line":215,"column":1}},"line":11},"1":{"name":"(anonymous_1)","decl":{"start":{"line":21,"column":33},"end":{"line":21,"column":34}},"loc":{"start":{"line":21,"column":56},"end":{"line":38,"column":3}},"line":21},"2":{"name":"(anonymous_2)","decl":{"start":{"line":40,"column":24},"end":{"line":40,"column":25}},"loc":{"start":{"line":40,"column":54},"end":{"line":45,"column":3}},"line":40},"3":{"name":"(anonymous_3)","decl":{"start":{"line":40,"column":54},"end":{"line":40,"column":55}},"loc":{"start":{"line":40,"column":77},"end":{"line":45,"column":3}},"line":40},"4":{"name":"(anonymous_4)","decl":{"start":{"line":47,"column":29},"end":{"line":47,"column":30}},"loc":{"start":{"line":47,"column":72},"end":{"line":55,"column":3}},"line":47},"5":{"name":"(anonymous_5)","decl":{"start":{"line":48,"column":42},"end":{"line":48,"column":43}},"loc":{"start":{"line":48,"column":49},"end":{"line":48,"column":57}},"line":48},"6":{"name":"(anonymous_6)","decl":{"start":{"line":59,"column":21},"end":{"line":59,"column":22}},"loc":{"start":{"line":59,"column":33},"end":{"line":86,"column":3}},"line":59},"7":{"name":"(anonymous_7)","decl":{"start":{"line":88,"column":25},"end":{"line":88,"column":26}},"loc":{"start":{"line":88,"column":37},"end":{"line":112,"column":3}},"line":88},"8":{"name":"(anonymous_8)","decl":{"start":{"line":105,"column":17},"end":{"line":105,"column":18}},"loc":{"start":{"line":105,"column":23},"end":{"line":105,"column":42}},"line":105},"9":{"name":"(anonymous_9)","decl":{"start":{"line":132,"column":33},"end":{"line":132,"column":34}},"loc":{"start":{"line":133,"column":14},"end":{"line":133,"column":109}},"line":133},"10":{"name":"(anonymous_10)","decl":{"start":{"line":152,"column":41},"end":{"line":152,"column":42}},"loc":{"start":{"line":152,"column":47},"end":{"line":152,"column":57}},"line":152}},"branchMap":{"0":{"loc":{"start":{"line":27,"column":6},"end":{"line":27,"column":53}},"type":"if","locations":[{"start":{"line":27,"column":6},"end":{"line":27,"column":53}},{"start":{},"end":{}}],"line":27},"1":{"loc":{"start":{"line":29,"column":26},"end":{"line":29,"column":47}},"type":"binary-expr","locations":[{"start":{"line":29,"column":26},"end":{"line":29,"column":41}},{"start":{"line":29,"column":45},"end":{"line":29,"column":47}}],"line":29},"2":{"loc":{"start":{"line":30,"column":6},"end":{"line":30,"column":58}},"type":"if","locations":[{"start":{"line":30,"column":6},"end":{"line":30,"column":58}},{"start":{},"end":{}}],"line":30},"3":{"loc":{"start":{"line":34,"column":25},"end":{"line":34,"column":61}},"type":"binary-expr","locations":[{"start":{"line":34,"column":25},"end":{"line":34,"column":35}},{"start":{"line":34,"column":39},"end":{"line":34,"column":61}}],"line":34},"4":{"loc":{"start":{"line":41,"column":4},"end":{"line":41,"column":42}},"type":"if","locations":[{"start":{"line":41,"column":4},"end":{"line":41,"column":42}},{"start":{},"end":{}}],"line":41},"5":{"loc":{"start":{"line":42,"column":4},"end":{"line":42,"column":42}},"type":"if","locations":[{"start":{"line":42,"column":4},"end":{"line":42,"column":42}},{"start":{},"end":{}}],"line":42},"6":{"loc":{"start":{"line":43,"column":4},"end":{"line":43,"column":42}},"type":"if","locations":[{"start":{"line":43,"column":4},"end":{"line":43,"column":42}},{"start":{},"end":{}}],"line":43},"7":{"loc":{"start":{"line":44,"column":12},"end":{"line":44,"column":53}},"type":"cond-expr","locations":[{"start":{"line":44,"column":28},"end":{"line":44,"column":29}},{"start":{"line":44,"column":32},"end":{"line":44,"column":53}}],"line":44},"8":{"loc":{"start":{"line":44,"column":32},"end":{"line":44,"column":53}},"type":"cond-expr","locations":[{"start":{"line":44,"column":48},"end":{"line":44,"column":49}},{"start":{"line":44,"column":52},"end":{"line":44,"column":53}}],"line":44},"9":{"loc":{"start":{"line":52,"column":6},"end":{"line":52,"column":64}},"type":"if","locations":[{"start":{"line":52,"column":6},"end":{"line":52,"column":64}},{"start":{},"end":{}}],"line":52},"10":{"loc":{"start":{"line":89,"column":4},"end":{"line":92,"column":5}},"type":"if","locations":[{"start":{"line":89,"column":4},"end":{"line":92,"column":5}},{"start":{},"end":{}}],"line":89},"11":{"loc":{"start":{"line":89,"column":8},"end":{"line":89,"column":62}},"type":"binary-expr","locations":[{"start":{"line":89,"column":8},"end":{"line":89,"column":17}},{"start":{"line":89,"column":21},"end":{"line":89,"column":32}},{"start":{"line":89,"column":36},"end":{"line":89,"column":47}},{"start":{"line":89,"column":51},"end":{"line":89,"column":62}}],"line":89},"12":{"loc":{"start":{"line":101,"column":6},"end":{"line":101,"column":53}},"type":"if","locations":[{"start":{"line":101,"column":6},"end":{"line":101,"column":53}},{"start":{},"end":{}}],"line":101},"13":{"loc":{"start":{"line":108,"column":25},"end":{"line":108,"column":61}},"type":"binary-expr","locations":[{"start":{"line":108,"column":25},"end":{"line":108,"column":35}},{"start":{"line":108,"column":39},"end":{"line":108,"column":61}}],"line":108},"14":{"loc":{"start":{"line":114,"column":2},"end":{"line":121,"column":3}},"type":"if","locations":[{"start":{"line":114,"column":2},"end":{"line":121,"column":3}},{"start":{},"end":{}}],"line":114},"15":{"loc":{"start":{"line":133,"column":61},"end":{"line":133,"column":103}},"type":"cond-expr","locations":[{"start":{"line":133,"column":73},"end":{"line":133,"column":87}},{"start":{"line":133,"column":90},"end":{"line":133,"column":103}}],"line":133},"16":{"loc":{"start":{"line":139,"column":9},"end":{"line":157,"column":9}},"type":"binary-expr","locations":[{"start":{"line":139,"column":9},"end":{"line":139,"column":19}},{"start":{"line":140,"column":10},"end":{"line":156,"column":17}}],"line":139},"17":{"loc":{"start":{"line":151,"column":13},"end":{"line":155,"column":13}},"type":"binary-expr","locations":[{"start":{"line":151,"column":13},"end":{"line":151,"column":23}},{"start":{"line":152,"column":14},"end":{"line":154,"column":33}}],"line":151},"18":{"loc":{"start":{"line":160,"column":9},"end":{"line":166,"column":9}},"type":"binary-expr","locations":[{"start":{"line":160,"column":9},"end":{"line":160,"column":19}},{"start":{"line":161,"column":10},"end":{"line":165,"column":17}}],"line":160},"19":{"loc":{"start":{"line":169,"column":9},"end":{"line":175,"column":9}},"type":"binary-expr","locations":[{"start":{"line":169,"column":9},"end":{"line":169,"column":19}},{"start":{"line":170,"column":10},"end":{"line":174,"column":17}}],"line":169},"20":{"loc":{"start":{"line":178,"column":9},"end":{"line":184,"column":9}},"type":"binary-expr","locations":[{"start":{"line":178,"column":9},"end":{"line":178,"column":19}},{"start":{"line":179,"column":10},"end":{"line":183,"column":17}}],"line":178},"21":{"loc":{"start":{"line":187,"column":9},"end":{"line":211,"column":9}},"type":"binary-expr","locations":[{"start":{"line":187,"column":9},"end":{"line":187,"column":19}},{"start":{"line":188,"column":10},"end":{"line":210,"column":17}}],"line":187}},"s":{"0":0,"1":0,"2":0,"3":0,"4":0,"5":0,"6":0,"7":0,"8":0,"9":0,"10":0,"11":0,"12":0,"13":0,"14":0,"15":0,"16":0,"17":0,"18":0,"19":0,"20":0,"21":0,"22":0,"23":0,"24":0,"25":0,"26":0,"27":0,"28":0,"29":0,"30":0,"31":0,"32":0,"33":0,"34":0,"35":0,"36":0,"37":0,"38":0,"39":0,"40":0,"41":0,"42":0,"43":0,"44":0,"45":0,"46":0,"47":0,"48":0,"49":0,"50":0,"51":0,"52":0,"53":0,"54":0,"55":0,"56":0,"57":0,"58":0,"59":0,"60":0,"61":0,"62":0,"63":0,"64":0,"65":0,"66":0,"67":0,"68":0},"f":{"0":0,"1":0,"2":0,"3":0,"4":0,"5":0,"6":0,"7":0,"8":0,"9":0,"10":0},"b":{"0":[0,0],"1":[0,0],"2":[0,0],"3":[0,0],"4":[0,0],"5":[0,0],"6":[0,0],"7":[0,0],"8":[0,0],"9":[0,0],"10":[0,0],"11":[0,0,0,0],"12":[0,0],"13":[0,0],"14":[0,0],"15":[0,0],"16":[0,0],"17":[0,0],"18":[0,0],"19":[0,0],"20":[0,0],"21":[0,0]}}
,"F:\\App\\FE\\components\\Screens\\CreateExamScreen.tsx": {"path":"F:\\App\\FE\\components\\Screens\\CreateExamScreen.tsx","statementMap":{"0":{"start":{"line":18,"column":21},"end":{"line":18,"column":41}},"1":{"start":{"line":20,"column":26},"end":{"line":20,"column":52}},"2":{"start":{"line":21,"column":32},"end":{"line":21,"column":47}},"3":{"start":{"line":22,"column":28},"end":{"line":22,"column":57}},"4":{"start":{"line":23,"column":32},"end":{"line":23,"column":61}},"5":{"start":{"line":24,"column":32},"end":{"line":24,"column":61}},"6":{"start":{"line":25,"column":32},"end":{"line":25,"column":61}},"7":{"start":{"line":27,"column":23},"end":{"line":75,"column":3}},"8":{"start":{"line":28,"column":4},"end":{"line":28,"column":21}},"9":{"start":{"line":29,"column":4},"end":{"line":29,"column":19}},"10":{"start":{"line":30,"column":4},"end":{"line":74,"column":5}},"11":{"start":{"line":31,"column":23},"end":{"line":31,"column":37}},"12":{"start":{"line":32,"column":6},"end":{"line":36,"column":16}},"13":{"start":{"line":38,"column":23},"end":{"line":38,"column":38}},"14":{"start":{"line":39,"column":18},"end":{"line":43,"column":8}},"15":{"start":{"line":45,"column":6},"end":{"line":48,"column":7}},"16":{"start":{"line":46,"column":21},"end":{"line":46,"column":53}},"17":{"start":{"line":46,"column":50},"end":{"line":46,"column":52}},"18":{"start":{"line":47,"column":8},"end":{"line":47,"column":62}},"19":{"start":{"line":51,"column":6},"end":{"line":55,"column":7}},"20":{"start":{"line":52,"column":8},"end":{"line":52,"column":32}},"21":{"start":{"line":54,"column":8},"end":{"line":54,"column":52}},"22":{"start":{"line":57,"column":6},"end":{"line":69,"column":7}},"23":{"start":{"line":58,"column":8},"end":{"line":58,"column":89}},"24":{"start":{"line":58,"column":48},"end":{"line":58,"column":89}},"25":{"start":{"line":59,"column":8},"end":{"line":59,"column":34}},"26":{"start":{"line":60,"column":8},"end":{"line":60,"column":19}},"27":{"start":{"line":61,"column":13},"end":{"line":69,"column":7}},"28":{"start":{"line":62,"column":8},"end":{"line":62,"column":89}},"29":{"start":{"line":62,"column":48},"end":{"line":62,"column":89}},"30":{"start":{"line":63,"column":8},"end":{"line":63,"column":34}},"31":{"start":{"line":64,"column":8},"end":{"line":64,"column":19}},"32":{"start":{"line":65,"column":13},"end":{"line":69,"column":7}},"33":{"start":{"line":66,"column":8},"end":{"line":66,"column":89}},"34":{"start":{"line":66,"column":48},"end":{"line":66,"column":89}},"35":{"start":{"line":67,"column":8},"end":{"line":67,"column":34}},"36":{"start":{"line":68,"column":8},"end":{"line":68,"column":19}},"37":{"start":{"line":71,"column":6},"end":{"line":71,"column":43}},"38":{"start":{"line":73,"column":6},"end":{"line":73,"column":24}},"39":{"start":{"line":77,"column":2},"end":{"line":84,"column":3}},"40":{"start":{"line":78,"column":4},"end":{"line":83,"column":6}},"41":{"start":{"line":86,"column":2},"end":{"line":93,"column":3}},"42":{"start":{"line":87,"column":4},"end":{"line":92,"column":6}},"43":{"start":{"line":90,"column":29},"end":{"line":90,"column":43}},"44":{"start":{"line":95,"column":2},"end":{"line":98,"column":3}},"45":{"start":{"line":97,"column":4},"end":{"line":97,"column":82}},"46":{"start":{"line":97,"column":54},"end":{"line":97,"column":77}},"47":{"start":{"line":99,"column":2},"end":{"line":102,"column":3}},"48":{"start":{"line":101,"column":4},"end":{"line":101,"column":82}},"49":{"start":{"line":101,"column":54},"end":{"line":101,"column":77}},"50":{"start":{"line":103,"column":2},"end":{"line":106,"column":3}},"51":{"start":{"line":105,"column":4},"end":{"line":105,"column":82}},"52":{"start":{"line":105,"column":54},"end":{"line":105,"column":77}},"53":{"start":{"line":109,"column":2},"end":{"line":132,"column":4}},"54":{"start":{"line":125,"column":25},"end":{"line":125,"column":44}}},"fnMap":{"0":{"name":"CreateExamScreen","decl":{"start":{"line":17,"column":24},"end":{"line":17,"column":40}},"loc":{"start":{"line":17,"column":43},"end":{"line":133,"column":1}},"line":17},"1":{"name":"(anonymous_1)","decl":{"start":{"line":27,"column":23},"end":{"line":27,"column":24}},"loc":{"start":{"line":27,"column":77},"end":{"line":75,"column":3}},"line":27},"2":{"name":"(anonymous_2)","decl":{"start":{"line":46,"column":44},"end":{"line":46,"column":45}},"loc":{"start":{"line":46,"column":50},"end":{"line":46,"column":52}},"line":46},"3":{"name":"(anonymous_3)","decl":{"start":{"line":90,"column":23},"end":{"line":90,"column":24}},"loc":{"start":{"line":90,"column":29},"end":{"line":90,"column":43}},"line":90},"4":{"name":"(anonymous_4)","decl":{"start":{"line":97,"column":45},"end":{"line":97,"column":46}},"loc":{"start":{"line":97,"column":54},"end":{"line":97,"column":77}},"line":97},"5":{"name":"(anonymous_5)","decl":{"start":{"line":101,"column":45},"end":{"line":101,"column":46}},"loc":{"start":{"line":101,"column":54},"end":{"line":101,"column":77}},"line":101},"6":{"name":"(anonymous_6)","decl":{"start":{"line":105,"column":45},"end":{"line":105,"column":46}},"loc":{"start":{"line":105,"column":54},"end":{"line":105,"column":77}},"line":105},"7":{"name":"(anonymous_7)","decl":{"start":{"line":125,"column":19},"end":{"line":125,"column":20}},"loc":{"start":{"line":125,"column":25},"end":{"line":125,"column":44}},"line":125}},"branchMap":{"0":{"loc":{"start":{"line":45,"column":6},"end":{"line":48,"column":7}},"type":"if","locations":[{"start":{"line":45,"column":6},"end":{"line":48,"column":7}},{"start":{},"end":{}}],"line":45},"1":{"loc":{"start":{"line":57,"column":6},"end":{"line":69,"column":7}},"type":"if","locations":[{"start":{"line":57,"column":6},"end":{"line":69,"column":7}},{"start":{"line":61,"column":13},"end":{"line":69,"column":7}}],"line":57},"2":{"loc":{"start":{"line":58,"column":8},"end":{"line":58,"column":89}},"type":"if","locations":[{"start":{"line":58,"column":8},"end":{"line":58,"column":89}},{"start":{},"end":{}}],"line":58},"3":{"loc":{"start":{"line":61,"column":13},"end":{"line":69,"column":7}},"type":"if","locations":[{"start":{"line":61,"column":13},"end":{"line":69,"column":7}},{"start":{"line":65,"column":13},"end":{"line":69,"column":7}}],"line":61},"4":{"loc":{"start":{"line":62,"column":8},"end":{"line":62,"column":89}},"type":"if","locations":[{"start":{"line":62,"column":8},"end":{"line":62,"column":89}},{"start":{},"end":{}}],"line":62},"5":{"loc":{"start":{"line":65,"column":13},"end":{"line":69,"column":7}},"type":"if","locations":[{"start":{"line":65,"column":13},"end":{"line":69,"column":7}},{"start":{},"end":{}}],"line":65},"6":{"loc":{"start":{"line":66,"column":8},"end":{"line":66,"column":89}},"type":"if","locations":[{"start":{"line":66,"column":8},"end":{"line":66,"column":89}},{"start":{},"end":{}}],"line":66},"7":{"loc":{"start":{"line":71,"column":15},"end":{"line":71,"column":41}},"type":"binary-expr","locations":[{"start":{"line":71,"column":15},"end":{"line":71,"column":25}},{"start":{"line":71,"column":29},"end":{"line":71,"column":41}}],"line":71},"8":{"loc":{"start":{"line":77,"column":2},"end":{"line":84,"column":3}},"type":"if","locations":[{"start":{"line":77,"column":2},"end":{"line":84,"column":3}},{"start":{},"end":{}}],"line":77},"9":{"loc":{"start":{"line":86,"column":2},"end":{"line":93,"column":3}},"type":"if","locations":[{"start":{"line":86,"column":2},"end":{"line":93,"column":3}},{"start":{},"end":{}}],"line":86},"10":{"loc":{"start":{"line":95,"column":2},"end":{"line":98,"column":3}},"type":"if","locations":[{"start":{"line":95,"column":2},"end":{"line":98,"column":3}},{"start":{},"end":{}}],"line":95},"11":{"loc":{"start":{"line":99,"column":2},"end":{"line":102,"column":3}},"type":"if","locations":[{"start":{"line":99,"column":2},"end":{"line":102,"column":3}},{"start":{},"end":{}}],"line":99},"12":{"loc":{"start":{"line":103,"column":2},"end":{"line":106,"column":3}},"type":"if","locations":[{"start":{"line":103,"column":2},"end":{"line":106,"column":3}},{"start":{},"end":{}}],"line":103},"13":{"loc":{"start":{"line":115,"column":104},"end":{"line":115,"column":118}},"type":"binary-expr","locations":[{"start":{"line":115,"column":104},"end":{"line":115,"column":111}},{"start":{"line":115,"column":115},"end":{"line":115,"column":118}}],"line":115},"14":{"loc":{"start":{"line":118,"column":104},"end":{"line":118,"column":118}},"type":"binary-expr","locations":[{"start":{"line":118,"column":104},"end":{"line":118,"column":111}},{"start":{"line":118,"column":115},"end":{"line":118,"column":118}}],"line":118},"15":{"loc":{"start":{"line":121,"column":104},"end":{"line":121,"column":118}},"type":"binary-expr","locations":[{"start":{"line":121,"column":104},"end":{"line":121,"column":111}},{"start":{"line":121,"column":115},"end":{"line":121,"column":118}}],"line":121}},"s":{"0":0,"1":0,"2":0,"3":0,"4":0,"5":0,"6":0,"7":0,"8":0,"9":0,"10":0,"11":0,"12":0,"13":0,"14":0,"15":0,"16":0,"17":0,"18":0,"19":0,"20":0,"21":0,"22":0,"23":0,"24":0,"25":0,"26":0,"27":0,"28":0,"29":0,"30":0,"31":0,"32":0,"33":0,"34":0,"35":0,"36":0,"37":0,"38":0,"39":0,"40":0,"41":0,"42":0,"43":0,"44":0,"45":0,"46":0,"47":0,"48":0,"49":0,"50":0,"51":0,"52":0,"53":0,"54":0},"f":{"0":0,"1":0,"2":0,"3":0,"4":0,"5":0,"6":0,"7":0},"b":{"0":[0,0],"1":[0,0],"2":[0,0],"3":[0,0],"4":[0,0],"5":[0,0],"6":[0,0],"7":[0,0],"8":[0,0],"9":[0,0],"10":[0,0],"11":[0,0],"12":[0,0],"13":[0,0],"14":[0,0],"15":[0,0]}}
,"F:\\App\\FE\\components\\Screens\\ForgotPasswordScreen.tsx": {"path":"F:\\App\\FE\\components\\Screens\\ForgotPasswordScreen.tsx","statementMap":{"0":{"start":{"line":9,"column":21},"end":{"line":9,"column":41}},"1":{"start":{"line":10,"column":28},"end":{"line":10,"column":40}},"2":{"start":{"line":11,"column":26},"end":{"line":11,"column":38}},"3":{"start":{"line":12,"column":34},"end":{"line":12,"column":46}},"4":{"start":{"line":13,"column":32},"end":{"line":13,"column":44}},"5":{"start":{"line":14,"column":42},"end":{"line":14,"column":57}},"6":{"start":{"line":15,"column":40},"end":{"line":15,"column":55}},"7":{"start":{"line":16,"column":32},"end":{"line":16,"column":47}},"8":{"start":{"line":18,"column":19},"end":{"line":33,"column":3}},"9":{"start":{"line":19,"column":4},"end":{"line":32,"column":5}},"10":{"start":{"line":20,"column":6},"end":{"line":20,"column":61}},"11":{"start":{"line":20,"column":25},"end":{"line":20,"column":61}},"12":{"start":{"line":21,"column":6},"end":{"line":21,"column":23}},"13":{"start":{"line":22,"column":24},"end":{"line":22,"column":62}},"14":{"start":{"line":24,"column":6},"end":{"line":28,"column":7}},"15":{"start":{"line":25,"column":8},"end":{"line":25,"column":39}},"16":{"start":{"line":27,"column":8},"end":{"line":27,"column":74}},"17":{"start":{"line":29,"column":2},"end":{"line":29,"column":20}},"18":{"start":{"line":31,"column":6},"end":{"line":31,"column":24}},"19":{"start":{"line":35,"column":27},"end":{"line":40,"column":3}},"20":{"start":{"line":36,"column":4},"end":{"line":36,"column":88}},"21":{"start":{"line":36,"column":50},"end":{"line":36,"column":88}},"22":{"start":{"line":37,"column":4},"end":{"line":37,"column":66}},"23":{"start":{"line":37,"column":30},"end":{"line":37,"column":66}},"24":{"start":{"line":38,"column":2},"end":{"line":38,"column":61}},"25":{"start":{"line":39,"column":2},"end":{"line":39,"column":35}},"26":{"start":{"line":42,"column":2},"end":{"line":136,"column":4}},"27":{"start":{"line":99,"column":45},"end":{"line":99,"column":71}},"28":{"start":{"line":99,"column":68},"end":{"line":99,"column":70}},"29":{"start":{"line":119,"column":45},"end":{"line":119,"column":70}},"30":{"start":{"line":119,"column":67},"end":{"line":119,"column":69}},"31":{"start":{"line":130,"column":71},"end":{"line":130,"column":105}}},"fnMap":{"0":{"name":"ForgotPasswordScreen","decl":{"start":{"line":8,"column":24},"end":{"line":8,"column":44}},"loc":{"start":{"line":8,"column":47},"end":{"line":137,"column":1}},"line":8},"1":{"name":"(anonymous_1)","decl":{"start":{"line":18,"column":19},"end":{"line":18,"column":20}},"loc":{"start":{"line":18,"column":31},"end":{"line":33,"column":3}},"line":18},"2":{"name":"(anonymous_2)","decl":{"start":{"line":35,"column":27},"end":{"line":35,"column":28}},"loc":{"start":{"line":35,"column":39},"end":{"line":40,"column":3}},"line":35},"3":{"name":"(anonymous_3)","decl":{"start":{"line":99,"column":39},"end":{"line":99,"column":40}},"loc":{"start":{"line":99,"column":45},"end":{"line":99,"column":71}},"line":99},"4":{"name":"(anonymous_4)","decl":{"start":{"line":99,"column":61},"end":{"line":99,"column":62}},"loc":{"start":{"line":99,"column":68},"end":{"line":99,"column":70}},"line":99},"5":{"name":"(anonymous_5)","decl":{"start":{"line":119,"column":39},"end":{"line":119,"column":40}},"loc":{"start":{"line":119,"column":45},"end":{"line":119,"column":70}},"line":119},"6":{"name":"(anonymous_6)","decl":{"start":{"line":119,"column":60},"end":{"line":119,"column":61}},"loc":{"start":{"line":119,"column":67},"end":{"line":119,"column":69}},"line":119},"7":{"name":"(anonymous_7)","decl":{"start":{"line":130,"column":65},"end":{"line":130,"column":66}},"loc":{"start":{"line":130,"column":71},"end":{"line":130,"column":105}},"line":130}},"branchMap":{"0":{"loc":{"start":{"line":20,"column":6},"end":{"line":20,"column":61}},"type":"if","locations":[{"start":{"line":20,"column":6},"end":{"line":20,"column":61}},{"start":{},"end":{}}],"line":20},"1":{"loc":{"start":{"line":24,"column":6},"end":{"line":28,"column":7}},"type":"if","locations":[{"start":{"line":24,"column":6},"end":{"line":28,"column":7}},{"start":{"line":26,"column":13},"end":{"line":28,"column":7}}],"line":24},"2":{"loc":{"start":{"line":36,"column":4},"end":{"line":36,"column":88}},"type":"if","locations":[{"start":{"line":36,"column":4},"end":{"line":36,"column":88}},{"start":{},"end":{}}],"line":36},"3":{"loc":{"start":{"line":36,"column":8},"end":{"line":36,"column":48}},"type":"binary-expr","locations":[{"start":{"line":36,"column":8},"end":{"line":36,"column":14}},{"start":{"line":36,"column":18},"end":{"line":36,"column":23}},{"start":{"line":36,"column":27},"end":{"line":36,"column":36}},{"start":{"line":36,"column":40},"end":{"line":36,"column":48}}],"line":36},"4":{"loc":{"start":{"line":37,"column":4},"end":{"line":37,"column":66}},"type":"if","locations":[{"start":{"line":37,"column":4},"end":{"line":37,"column":66}},{"start":{},"end":{}}],"line":37},"5":{"loc":{"start":{"line":65,"column":66},"end":{"line":65,"column":100}},"type":"cond-expr","locations":[{"start":{"line":65,"column":76},"end":{"line":65,"column":86}},{"start":{"line":65,"column":89},"end":{"line":65,"column":100}}],"line":65},"6":{"loc":{"start":{"line":100,"column":30},"end":{"line":100,"column":78}},"type":"cond-expr","locations":[{"start":{"line":100,"column":45},"end":{"line":100,"column":62}},{"start":{"line":100,"column":65},"end":{"line":100,"column":78}}],"line":100},"7":{"loc":{"start":{"line":120,"column":30},"end":{"line":120,"column":77}},"type":"cond-expr","locations":[{"start":{"line":120,"column":44},"end":{"line":120,"column":61}},{"start":{"line":120,"column":64},"end":{"line":120,"column":77}}],"line":120}},"s":{"0":0,"1":0,"2":0,"3":0,"4":0,"5":0,"6":0,"7":0,"8":0,"9":0,"10":0,"11":0,"12":0,"13":0,"14":0,"15":0,"16":0,"17":0,"18":0,"19":0,"20":0,"21":0,"22":0,"23":0,"24":0,"25":0,"26":0,"27":0,"28":0,"29":0,"30":0,"31":0},"f":{"0":0,"1":0,"2":0,"3":0,"4":0,"5":0,"6":0,"7":0},"b":{"0":[0,0],"1":[0,0],"2":[0,0],"3":[0,0,0,0],"4":[0,0],"5":[0,0],"6":[0,0],"7":[0,0]}}
,"F:\\App\\FE\\components\\Screens\\HistoryScreen.tsx": {"path":"F:\\App\\FE\\components\\Screens\\HistoryScreen.tsx","statementMap":{"0":{"start":{"line":6,"column":2},"end":{"line":10,"column":4}}},"fnMap":{"0":{"name":"HistoryScreen","decl":{"start":{"line":5,"column":24},"end":{"line":5,"column":37}},"loc":{"start":{"line":5,"column":40},"end":{"line":11,"column":1}},"line":5}},"branchMap":{},"s":{"0":0},"f":{"0":0},"b":{}}
,"F:\\App\\FE\\components\\Screens\\LogInScreen.tsx": {"path":"F:\\App\\FE\\components\\Screens\\LogInScreen.tsx","statementMap":{"0":{"start":{"line":9,"column":42},"end":{"line":9,"column":57}},"1":{"start":{"line":10,"column":28},"end":{"line":10,"column":40}},"2":{"start":{"line":11,"column":34},"end":{"line":11,"column":46}},"3":{"start":{"line":12,"column":21},"end":{"line":12,"column":57}},"4":{"start":{"line":14,"column":2},"end":{"line":88,"column":4}},"5":{"start":{"line":33,"column":30},"end":{"line":33,"column":60}},"6":{"start":{"line":36,"column":10},"end":{"line":60,"column":17}},"7":{"start":{"line":62,"column":75},"end":{"line":62,"column":118}},"8":{"start":{"line":67,"column":12},"end":{"line":70,"column":13}},"9":{"start":{"line":68,"column":14},"end":{"line":68,"column":55}},"10":{"start":{"line":69,"column":14},"end":{"line":69,"column":21}},"11":{"start":{"line":71,"column":12},"end":{"line":76,"column":13}},"12":{"start":{"line":72,"column":14},"end":{"line":72,"column":69}},"13":{"start":{"line":73,"column":14},"end":{"line":73,"column":42}},"14":{"start":{"line":75,"column":14},"end":{"line":75,"column":55}},"15":{"start":{"line":82,"column":77},"end":{"line":82,"column":112}}},"fnMap":{"0":{"name":"LoginScreen","decl":{"start":{"line":8,"column":24},"end":{"line":8,"column":35}},"loc":{"start":{"line":8,"column":38},"end":{"line":89,"column":1}},"line":8},"1":{"name":"(anonymous_1)","decl":{"start":{"line":33,"column":24},"end":{"line":33,"column":25}},"loc":{"start":{"line":33,"column":30},"end":{"line":33,"column":60}},"line":33},"2":{"name":"(anonymous_2)","decl":{"start":{"line":35,"column":15},"end":{"line":35,"column":16}},"loc":{"start":{"line":36,"column":10},"end":{"line":60,"column":17}},"line":36},"3":{"name":"(anonymous_3)","decl":{"start":{"line":62,"column":69},"end":{"line":62,"column":70}},"loc":{"start":{"line":62,"column":75},"end":{"line":62,"column":118}},"line":62},"4":{"name":"(anonymous_4)","decl":{"start":{"line":66,"column":19},"end":{"line":66,"column":20}},"loc":{"start":{"line":66,"column":31},"end":{"line":77,"column":11}},"line":66},"5":{"name":"(anonymous_5)","decl":{"start":{"line":82,"column":71},"end":{"line":82,"column":72}},"loc":{"start":{"line":82,"column":77},"end":{"line":82,"column":112}},"line":82}},"branchMap":{"0":{"loc":{"start":{"line":50,"column":15},"end":{"line":58,"column":15}},"type":"binary-expr","locations":[{"start":{"line":50,"column":15},"end":{"line":50,"column":32}},{"start":{"line":51,"column":16},"end":{"line":57,"column":35}}],"line":50},"1":{"loc":{"start":{"line":52,"column":19},"end":{"line":56,"column":19}},"type":"cond-expr","locations":[{"start":{"line":53,"column":20},"end":{"line":53,"column":81}},{"start":{"line":55,"column":20},"end":{"line":55,"column":77}}],"line":52},"2":{"loc":{"start":{"line":67,"column":12},"end":{"line":70,"column":13}},"type":"if","locations":[{"start":{"line":67,"column":12},"end":{"line":70,"column":13}},{"start":{},"end":{}}],"line":67},"3":{"loc":{"start":{"line":67,"column":16},"end":{"line":67,"column":49}},"type":"binary-expr","locations":[{"start":{"line":67,"column":16},"end":{"line":67,"column":29}},{"start":{"line":67,"column":33},"end":{"line":67,"column":49}}],"line":67},"4":{"loc":{"start":{"line":75,"column":20},"end":{"line":75,"column":53}},"type":"binary-expr","locations":[{"start":{"line":75,"column":20},"end":{"line":75,"column":29}},{"start":{"line":75,"column":33},"end":{"line":75,"column":53}}],"line":75}},"s":{"0":0,"1":0,"2":0,"3":0,"4":0,"5":0,"6":0,"7":0,"8":0,"9":0,"10":0,"11":0,"12":0,"13":0,"14":0,"15":0},"f":{"0":0,"1":0,"2":0,"3":0,"4":0,"5":0},"b":{"0":[0,0],"1":[0,0],"2":[0,0],"3":[0,0],"4":[0,0]}}
,"F:\\App\\FE\\components\\Screens\\PreviewScreen.tsx": {"path":"F:\\App\\FE\\components\\Screens\\PreviewScreen.tsx","statementMap":{"0":{"start":{"line":15,"column":16},"end":{"line":15,"column":74}},"1":{"start":{"line":16,"column":21},"end":{"line":16,"column":41}},"2":{"start":{"line":17,"column":19},"end":{"line":17,"column":41}},"3":{"start":{"line":18,"column":17},"end":{"line":18,"column":36}},"4":{"start":{"line":19,"column":23},"end":{"line":19,"column":54}},"5":{"start":{"line":21,"column":2},"end":{"line":64,"column":4}},"6":{"start":{"line":44,"column":25},"end":{"line":44,"column":44}},"7":{"start":{"line":55,"column":25},"end":{"line":55,"column":93}}},"fnMap":{"0":{"name":"PreviewScreen","decl":{"start":{"line":14,"column":24},"end":{"line":14,"column":37}},"loc":{"start":{"line":14,"column":40},"end":{"line":65,"column":1}},"line":14},"1":{"name":"(anonymous_1)","decl":{"start":{"line":44,"column":19},"end":{"line":44,"column":20}},"loc":{"start":{"line":44,"column":25},"end":{"line":44,"column":44}},"line":44},"2":{"name":"(anonymous_2)","decl":{"start":{"line":55,"column":19},"end":{"line":55,"column":20}},"loc":{"start":{"line":55,"column":25},"end":{"line":55,"column":93}},"line":55}},"branchMap":{"0":{"loc":{"start":{"line":26,"column":9},"end":{"line":39,"column":9}},"type":"cond-expr","locations":[{"start":{"line":27,"column":10},"end":{"line":31,"column":12}},{"start":{"line":33,"column":10},"end":{"line":38,"column":17}}],"line":26},"1":{"loc":{"start":{"line":57,"column":36},"end":{"line":57,"column":71}},"type":"cond-expr","locations":[{"start":{"line":57,"column":47},"end":{"line":57,"column":59}},{"start":{"line":57,"column":62},"end":{"line":57,"column":71}}],"line":57},"2":{"loc":{"start":{"line":57,"column":82},"end":{"line":57,"column":100}},"type":"cond-expr","locations":[{"start":{"line":57,"column":93},"end":{"line":57,"column":94}},{"start":{"line":57,"column":97},"end":{"line":57,"column":100}}],"line":57}},"s":{"0":0,"1":0,"2":0,"3":0,"4":0,"5":0,"6":0,"7":0},"f":{"0":0,"1":0,"2":0},"b":{"0":[0,0],"1":[0,0],"2":[0,0]}}
,"F:\\App\\FE\\components\\Screens\\ResultsScreen.tsx": {"path":"F:\\App\\FE\\components\\Screens\\ResultsScreen.tsx","statementMap":{"0":{"start":{"line":40,"column":16},"end":{"line":40,"column":74}},"1":{"start":{"line":41,"column":21},"end":{"line":41,"column":41}},"2":{"start":{"line":43,"column":30},"end":{"line":43,"column":106}},"3":{"start":{"line":44,"column":19},"end":{"line":44,"column":41}},"4":{"start":{"line":45,"column":21},"end":{"line":45,"column":45}},"5":{"start":{"line":46,"column":38},"end":{"line":46,"column":121}},"6":{"start":{"line":47,"column":38},"end":{"line":47,"column":53}},"7":{"start":{"line":48,"column":17},"end":{"line":48,"column":36}},"8":{"start":{"line":49,"column":23},"end":{"line":49,"column":54}},"9":{"start":{"line":52,"column":26},"end":{"line":54,"column":3}},"10":{"start":{"line":53,"column":4},"end":{"line":53,"column":96}},"11":{"start":{"line":56,"column":2},"end":{"line":60,"column":15}},"12":{"start":{"line":57,"column":4},"end":{"line":59,"column":5}},"13":{"start":{"line":58,"column":6},"end":{"line":58,"column":67}},"14":{"start":{"line":62,"column":27},"end":{"line":98,"column":3}},"15":{"start":{"line":63,"column":4},"end":{"line":63,"column":26}},"16":{"start":{"line":63,"column":19},"end":{"line":63,"column":26}},"17":{"start":{"line":64,"column":4},"end":{"line":97,"column":5}},"18":{"start":{"line":65,"column":6},"end":{"line":65,"column":26}},"19":{"start":{"line":66,"column":23},"end":{"line":66,"column":37}},"20":{"start":{"line":68,"column":6},"end":{"line":72,"column":16}},"21":{"start":{"line":74,"column":23},"end":{"line":74,"column":82}},"22":{"start":{"line":75,"column":17},"end":{"line":75,"column":59}},"23":{"start":{"line":76,"column":6},"end":{"line":79,"column":7}},"24":{"start":{"line":77,"column":24},"end":{"line":77,"column":61}},"25":{"start":{"line":77,"column":58},"end":{"line":77,"column":60}},"26":{"start":{"line":78,"column":8},"end":{"line":78,"column":63}},"27":{"start":{"line":80,"column":19},"end":{"line":80,"column":98}},"28":{"start":{"line":81,"column":6},"end":{"line":83,"column":7}},"29":{"start":{"line":82,"column":8},"end":{"line":82,"column":79}},"30":{"start":{"line":84,"column":6},"end":{"line":84,"column":22}},"31":{"start":{"line":85,"column":6},"end":{"line":87,"column":7}},"32":{"start":{"line":86,"column":8},"end":{"line":86,"column":42}},"33":{"start":{"line":88,"column":6},"end":{"line":91,"column":8}},"34":{"start":{"line":93,"column":6},"end":{"line":93,"column":86}},"35":{"start":{"line":94,"column":6},"end":{"line":94,"column":38}},"36":{"start":{"line":96,"column":6},"end":{"line":96,"column":27}},"37":{"start":{"line":101,"column":2},"end":{"line":111,"column":29}},"38":{"start":{"line":102,"column":20},"end":{"line":102,"column":25}},"39":{"start":{"line":103,"column":4},"end":{"line":107,"column":9}},"40":{"start":{"line":104,"column":6},"end":{"line":106,"column":7}},"41":{"start":{"line":105,"column":8},"end":{"line":105,"column":33}},"42":{"start":{"line":108,"column":4},"end":{"line":110,"column":6}},"43":{"start":{"line":109,"column":6},"end":{"line":109,"column":23}},"44":{"start":{"line":113,"column":30},"end":{"line":192,"column":3}},"45":{"start":{"line":114,"column":4},"end":{"line":191,"column":11}},"46":{"start":{"line":174,"column":16},"end":{"line":177,"column":23}},"47":{"start":{"line":194,"column":29},"end":{"line":232,"column":3}},"48":{"start":{"line":195,"column":4},"end":{"line":231,"column":11}},"49":{"start":{"line":220,"column":16},"end":{"line":225,"column":23}},"50":{"start":{"line":234,"column":2},"end":{"line":296,"column":4}},"51":{"start":{"line":262,"column":25},"end":{"line":262,"column":52}},"52":{"start":{"line":274,"column":27},"end":{"line":274,"column":62}}},"fnMap":{"0":{"name":"ResultsScreen","decl":{"start":{"line":39,"column":24},"end":{"line":39,"column":37}},"loc":{"start":{"line":39,"column":40},"end":{"line":297,"column":1}},"line":39},"1":{"name":"(anonymous_1)","decl":{"start":{"line":52,"column":26},"end":{"line":52,"column":27}},"loc":{"start":{"line":52,"column":68},"end":{"line":54,"column":3}},"line":52},"2":{"name":"(anonymous_2)","decl":{"start":{"line":56,"column":12},"end":{"line":56,"column":13}},"loc":{"start":{"line":56,"column":18},"end":{"line":60,"column":3}},"line":56},"3":{"name":"(anonymous_3)","decl":{"start":{"line":62,"column":27},"end":{"line":62,"column":28}},"loc":{"start":{"line":62,"column":39},"end":{"line":98,"column":3}},"line":62},"4":{"name":"(anonymous_4)","decl":{"start":{"line":77,"column":52},"end":{"line":77,"column":53}},"loc":{"start":{"line":77,"column":58},"end":{"line":77,"column":60}},"line":77},"5":{"name":"(anonymous_5)","decl":{"start":{"line":101,"column":12},"end":{"line":101,"column":13}},"loc":{"start":{"line":101,"column":18},"end":{"line":111,"column":3}},"line":101},"6":{"name":"(anonymous_6)","decl":{"start":{"line":103,"column":5},"end":{"line":103,"column":6}},"loc":{"start":{"line":103,"column":17},"end":{"line":107,"column":5}},"line":103},"7":{"name":"(anonymous_7)","decl":{"start":{"line":108,"column":11},"end":{"line":108,"column":12}},"loc":{"start":{"line":108,"column":17},"end":{"line":110,"column":5}},"line":108},"8":{"name":"(anonymous_8)","decl":{"start":{"line":113,"column":30},"end":{"line":113,"column":31}},"loc":{"start":{"line":114,"column":4},"end":{"line":191,"column":11}},"line":114},"9":{"name":"(anonymous_9)","decl":{"start":{"line":173,"column":45},"end":{"line":173,"column":46}},"loc":{"start":{"line":174,"column":16},"end":{"line":177,"column":23}},"line":174},"10":{"name":"(anonymous_10)","decl":{"start":{"line":194,"column":29},"end":{"line":194,"column":30}},"loc":{"start":{"line":195,"column":4},"end":{"line":231,"column":11}},"line":195},"11":{"name":"(anonymous_11)","decl":{"start":{"line":219,"column":30},"end":{"line":219,"column":31}},"loc":{"start":{"line":220,"column":16},"end":{"line":225,"column":23}},"line":220},"12":{"name":"(anonymous_12)","decl":{"start":{"line":262,"column":19},"end":{"line":262,"column":20}},"loc":{"start":{"line":262,"column":25},"end":{"line":262,"column":52}},"line":262},"13":{"name":"(anonymous_13)","decl":{"start":{"line":274,"column":21},"end":{"line":274,"column":22}},"loc":{"start":{"line":274,"column":27},"end":{"line":274,"column":62}},"line":274}},"branchMap":{"0":{"loc":{"start":{"line":43,"column":77},"end":{"line":43,"column":105}},"type":"binary-expr","locations":[{"start":{"line":43,"column":77},"end":{"line":43,"column":97}},{"start":{"line":43,"column":101},"end":{"line":43,"column":105}}],"line":43},"1":{"loc":{"start":{"line":53,"column":11},"end":{"line":53,"column":95}},"type":"binary-expr","locations":[{"start":{"line":53,"column":11},"end":{"line":53,"column":17}},{"start":{"line":53,"column":21},"end":{"line":53,"column":43}},{"start":{"line":53,"column":47},"end":{"line":53,"column":68}},{"start":{"line":53,"column":72},"end":{"line":53,"column":95}}],"line":53},"2":{"loc":{"start":{"line":57,"column":4},"end":{"line":59,"column":5}},"type":"if","locations":[{"start":{"line":57,"column":4},"end":{"line":59,"column":5}},{"start":{},"end":{}}],"line":57},"3":{"loc":{"start":{"line":57,"column":8},"end":{"line":57,"column":72}},"type":"binary-expr","locations":[{"start":{"line":57,"column":8},"end":{"line":57,"column":14}},{"start":{"line":57,"column":18},"end":{"line":57,"column":72}}],"line":57},"4":{"loc":{"start":{"line":58,"column":20},"end":{"line":58,"column":65}},"type":"binary-expr","locations":[{"start":{"line":58,"column":20},"end":{"line":58,"column":59}},{"start":{"line":58,"column":63},"end":{"line":58,"column":65}}],"line":58},"5":{"loc":{"start":{"line":63,"column":4},"end":{"line":63,"column":26}},"type":"if","locations":[{"start":{"line":63,"column":4},"end":{"line":63,"column":26}},{"start":{},"end":{}}],"line":63},"6":{"loc":{"start":{"line":75,"column":17},"end":{"line":75,"column":59}},"type":"binary-expr","locations":[{"start":{"line":75,"column":17},"end":{"line":75,"column":53}},{"start":{"line":75,"column":57},"end":{"line":75,"column":59}}],"line":75},"7":{"loc":{"start":{"line":76,"column":6},"end":{"line":79,"column":7}},"type":"if","locations":[{"start":{"line":76,"column":6},"end":{"line":79,"column":7}},{"start":{},"end":{}}],"line":76},"8":{"loc":{"start":{"line":80,"column":19},"end":{"line":80,"column":98}},"type":"cond-expr","locations":[{"start":{"line":80,"column":53},"end":{"line":80,"column":74}},{"start":{"line":80,"column":77},"end":{"line":80,"column":98}}],"line":80},"9":{"loc":{"start":{"line":81,"column":6},"end":{"line":83,"column":7}},"type":"if","locations":[{"start":{"line":81,"column":6},"end":{"line":83,"column":7}},{"start":{},"end":{}}],"line":81},"10":{"loc":{"start":{"line":85,"column":6},"end":{"line":87,"column":7}},"type":"if","locations":[{"start":{"line":85,"column":6},"end":{"line":87,"column":7}},{"start":{},"end":{}}],"line":85},"11":{"loc":{"start":{"line":85,"column":10},"end":{"line":85,"column":65}},"type":"binary-expr","locations":[{"start":{"line":85,"column":10},"end":{"line":85,"column":28}},{"start":{"line":85,"column":32},"end":{"line":85,"column":65}}],"line":85},"12":{"loc":{"start":{"line":90,"column":14},"end":{"line":90,"column":30}},"type":"binary-expr","locations":[{"start":{"line":90,"column":14},"end":{"line":90,"column":25}},{"start":{"line":90,"column":29},"end":{"line":90,"column":30}}],"line":90},"13":{"loc":{"start":{"line":90,"column":57},"end":{"line":90,"column":72}},"type":"binary-expr","locations":[{"start":{"line":90,"column":57},"end":{"line":90,"column":67}},{"start":{"line":90,"column":71},"end":{"line":90,"column":72}}],"line":90},"14":{"loc":{"start":{"line":90,"column":83},"end":{"line":90,"column":163}},"type":"binary-expr","locations":[{"start":{"line":90,"column":83},"end":{"line":90,"column":107}},{"start":{"line":90,"column":112},"end":{"line":90,"column":162}}],"line":90},"15":{"loc":{"start":{"line":90,"column":112},"end":{"line":90,"column":162}},"type":"cond-expr","locations":[{"start":{"line":90,"column":133},"end":{"line":90,"column":158}},{"start":{"line":90,"column":161},"end":{"line":90,"column":162}}],"line":90},"16":{"loc":{"start":{"line":93,"column":25},"end":{"line":93,"column":84}},"type":"binary-expr","locations":[{"start":{"line":93,"column":25},"end":{"line":93,"column":35}},{"start":{"line":93,"column":39},"end":{"line":93,"column":84}}],"line":93},"17":{"loc":{"start":{"line":104,"column":6},"end":{"line":106,"column":7}},"type":"if","locations":[{"start":{"line":104,"column":6},"end":{"line":106,"column":7}},{"start":{},"end":{}}],"line":104},"18":{"loc":{"start":{"line":104,"column":10},"end":{"line":104,"column":72}},"type":"binary-expr","locations":[{"start":{"line":104,"column":10},"end":{"line":104,"column":20}},{"start":{"line":104,"column":24},"end":{"line":104,"column":32}},{"start":{"line":104,"column":36},"end":{"line":104,"column":43}},{"start":{"line":104,"column":47},"end":{"line":104,"column":58}},{"start":{"line":104,"column":62},"end":{"line":104,"column":72}}],"line":104},"19":{"loc":{"start":{"line":165,"column":7},"end":{"line":182,"column":7}},"type":"binary-expr","locations":[{"start":{"line":165,"column":7},"end":{"line":165,"column":32}},{"start":{"line":165,"column":36},"end":{"line":165,"column":72}},{"start":{"line":166,"column":8},"end":{"line":181,"column":15}}],"line":165},"20":{"loc":{"start":{"line":185,"column":7},"end":{"line":190,"column":7}},"type":"binary-expr","locations":[{"start":{"line":185,"column":7},"end":{"line":185,"column":35}},{"start":{"line":186,"column":8},"end":{"line":189,"column":15}}],"line":185},"21":{"loc":{"start":{"line":214,"column":7},"end":{"line":230,"column":7}},"type":"binary-expr","locations":[{"start":{"line":214,"column":7},"end":{"line":214,"column":28}},{"start":{"line":215,"column":8},"end":{"line":229,"column":15}}],"line":214},"22":{"loc":{"start":{"line":239,"column":9},"end":{"line":247,"column":9}},"type":"binary-expr","locations":[{"start":{"line":239,"column":9},"end":{"line":239,"column":17}},{"start":{"line":240,"column":10},"end":{"line":246,"column":17}}],"line":239},"23":{"loc":{"start":{"line":249,"column":9},"end":{"line":257,"column":9}},"type":"cond-expr","locations":[{"start":{"line":250,"column":10},"end":{"line":250,"column":92}},{"start":{"line":252,"column":10},"end":{"line":256,"column":17}}],"line":249},"24":{"loc":{"start":{"line":250,"column":10},"end":{"line":250,"column":92}},"type":"cond-expr","locations":[{"start":{"line":250,"column":36},"end":{"line":250,"column":63}},{"start":{"line":250,"column":66},"end":{"line":250,"column":92}}],"line":250},"25":{"loc":{"start":{"line":254,"column":32},"end":{"line":254,"column":103}},"type":"cond-expr","locations":[{"start":{"line":254,"column":43},"end":{"line":254,"column":72}},{"start":{"line":254,"column":75},"end":{"line":254,"column":103}}],"line":254},"26":{"loc":{"start":{"line":272,"column":9},"end":{"line":293,"column":9}},"type":"cond-expr","locations":[{"start":{"line":273,"column":10},"end":{"line":280,"column":29}},{"start":{"line":282,"column":10},"end":{"line":292,"column":29}}],"line":272},"27":{"loc":{"start":{"line":283,"column":22},"end":{"line":283,"column":45}},"type":"binary-expr","locations":[{"start":{"line":283,"column":22},"end":{"line":283,"column":31}},{"start":{"line":283,"column":35},"end":{"line":283,"column":45}}],"line":283},"28":{"loc":{"start":{"line":286,"column":38},"end":{"line":286,"column":88}},"type":"cond-expr","locations":[{"start":{"line":286,"column":64},"end":{"line":286,"column":73}},{"start":{"line":286,"column":76},"end":{"line":286,"column":88}}],"line":286},"29":{"loc":{"start":{"line":286,"column":38},"end":{"line":286,"column":61}},"type":"binary-expr","locations":[{"start":{"line":286,"column":38},"end":{"line":286,"column":47}},{"start":{"line":286,"column":51},"end":{"line":286,"column":61}}],"line":286},"30":{"loc":{"start":{"line":286,"column":99},"end":{"line":286,"column":119}},"type":"cond-expr","locations":[{"start":{"line":286,"column":112},"end":{"line":286,"column":115}},{"start":{"line":286,"column":118},"end":{"line":286,"column":119}}],"line":286},"31":{"loc":{"start":{"line":290,"column":15},"end":{"line":290,"column":52}},"type":"cond-expr","locations":[{"start":{"line":290,"column":28},"end":{"line":290,"column":39}},{"start":{"line":290,"column":42},"end":{"line":290,"column":52}}],"line":290}},"s":{"0":0,"1":0,"2":0,"3":0,"4":0,"5":0,"6":0,"7":0,"8":0,"9":0,"10":0,"11":0,"12":0,"13":0,"14":0,"15":0,"16":0,"17":0,"18":0,"19":0,"20":0,"21":0,"22":0,"23":0,"24":0,"25":0,"26":0,"27":0,"28":0,"29":0,"30":0,"31":0,"32":0,"33":0,"34":0,"35":0,"36":0,"37":0,"38":0,"39":0,"40":0,"41":0,"42":0,"43":0,"44":0,"45":0,"46":0,"47":0,"48":0,"49":0,"50":0,"51":0,"52":0},"f":{"0":0,"1":0,"2":0,"3":0,"4":0,"5":0,"6":0,"7":0,"8":0,"9":0,"10":0,"11":0,"12":0,"13":0},"b":{"0":[0,0],"1":[0,0,0,0],"2":[0,0],"3":[0,0],"4":[0,0],"5":[0,0],"6":[0,0],"7":[0,0],"8":[0,0],"9":[0,0],"10":[0,0],"11":[0,0],"12":[0,0],"13":[0,0],"14":[0,0],"15":[0,0],"16":[0,0],"17":[0,0],"18":[0,0,0,0,0],"19":[0,0,0],"20":[0,0],"21":[0,0],"22":[0,0],"23":[0,0],"24":[0,0],"25":[0,0],"26":[0,0],"27":[0,0],"28":[0,0],"29":[0,0],"30":[0,0],"31":[0,0]}}
[...]
14}},"loc":{"start":{"line":48,"column":31},"end":{"line":53,"column":5}},"line":48},"4":{"name":"(anonymous_4)","decl":{"start":{"line":72,"column":23},"end":{"line":72,"column":24}},"loc":{"start":{"line":73,"column":14},"end":{"line":85,"column":33}},"line":73},"5":{"name":"(anonymous_5)","decl":{"start":{"line":76,"column":25},"end":{"line":76,"column":26}},"loc":{"start":{"line":76,"column":31},"end":{"line":79,"column":17}},"line":76}},"branchMap":{"0":{"loc":{"start":{"line":29,"column":4},"end":{"line":31,"column":5}},"type":"if","locations":[{"start":{"line":29,"column":4},"end":{"line":31,"column":5}},{"start":{},"end":{}}],"line":29},"1":{"loc":{"start":{"line":35,"column":4},"end":{"line":35,"column":35}},"type":"if","locations":[{"start":{"line":35,"column":4},"end":{"line":35,"column":35}},{"start":{},"end":{}}],"line":35},"2":{"loc":{"start":{"line":36,"column":4},"end":{"line":36,"column":38}},"type":"if","locations":[{"start":{"line":36,"column":4},"end":{"line":36,"column":38}},{"start":{},"end":{}}],"line":36},"3":{"loc":{"start":{"line":39,"column":17},"end":{"line":39,"column":41}},"type":"cond-expr","locations":[{"start":{"line":39,"column":27},"end":{"line":39,"column":28}},{"start":{"line":39,"column":31},"end":{"line":39,"column":41}}],"line":39},"4":{"loc":{"start":{"line":44,"column":17},"end":{"line":44,"column":35}},"type":"cond-expr","locations":[{"start":{"line":44,"column":27},"end":{"line":44,"column":31}},{"start":{"line":44,"column":34},"end":{"line":44,"column":35}}],"line":44},"5":{"loc":{"start":{"line":49,"column":6},"end":{"line":52,"column":7}},"type":"if","locations":[{"start":{"line":49,"column":6},"end":{"line":52,"column":7}},{"start":{},"end":{}}],"line":49},"6":{"loc":{"start":{"line":49,"column":10},"end":{"line":49,"column":30}},"type":"binary-expr","locations":[{"start":{"line":49,"column":10},"end":{"line":49,"column":18}},{"start":{"line":49,"column":22},"end":{"line":49,"column":30}}],"line":49},"7":{"loc":{"start":{"line":56,"column":2},"end":{"line":56,"column":29}},"type":"if","locations":[{"start":{"line":56,"column":2},"end":{"line":56,"column":29}},{"start":{},"end":{}}],"line":56},"8":{"loc":{"start":{"line":93,"column":23},"end":{"line":93,"column":52}},"type":"cond-expr","locations":[{"start":{"line":93,"column":37},"end":{"line":93,"column":43}},{"start":{"line":93,"column":46},"end":{"line":93,"column":52}}],"line":93}},"s":{"0":0,"1":0,"2":0,"3":0,"4":0,"5":0,"6":0,"7":0,"8":0,"9":0,"10":0,"11":0,"12":0,"13":0,"14":0,"15":0,"16":0,"17":0,"18":0,"19":0,"20":0,"21":0,"22":0,"23":0,"24":0,"25":0},"f":{"0":0,"1":0,"2":0,"3":0,"4":0,"5":0},"b":{"0":[0,0],"1":[0,0],"2":[0,0],"3":[0,0],"4":[0,0],"5":[0,0],"6":[0,0],"7":[0,0],"8":[0,0]}}
,"F:\\App\\FE\\components\\ui\\useResponsiveHeader.ts": {"path":"F:\\App\\FE\\components\\ui\\useResponsiveHeader.ts","statementMap":{"0":{"start":{"line":5,"column":28},"end":{"line":5,"column":52}},"1":{"start":{"line":6,"column":23},"end":{"line":6,"column":103}},"2":{"start":{"line":6,"column":37},"end":{"line":6,"column":92}},"3":{"start":{"line":7,"column":2},"end":{"line":7,"column":68}}},"fnMap":{"0":{"name":"useResponsiveHeader","decl":{"start":{"line":4,"column":16},"end":{"line":4,"column":35}},"loc":{"start":{"line":4,"column":38},"end":{"line":8,"column":1}},"line":4},"1":{"name":"(anonymous_1)","decl":{"start":{"line":6,"column":31},"end":{"line":6,"column":32}},"loc":{"start":{"line":6,"column":37},"end":{"line":6,"column":92}},"line":6}},"branchMap":{},"s":{"0":0,"1":0,"2":0,"3":0},"f":{"0":0,"1":0},"b":{}}
,"F:\\App\\FE\\config\\api.js": {"path":"F:\\App\\FE\\config\\api.js","statementMap":{"0":{"start":{"line":7,"column":18},"end":{"line":7,"column":51}},"1":{"start":{"line":8,"column":15},"end":{"line":8,"column":45}},"2":{"start":{"line":12,"column":16},"end":{"line":12,"column":46}},"3":{"start":{"line":13,"column":23},"end":{"line":13,"column":68}},"4":{"start":{"line":14,"column":17},"end":{"line":14,"column":99}},"5":{"start":{"line":19,"column":24},"end":{"line":19,"column":37}},"6":{"start":{"line":20,"column":29},"end":{"line":20,"column":86}},"7":{"start":{"line":23,"column":25},"end":{"line":23,"column":75}},"8":{"start":{"line":25,"column":26},"end":{"line":25,"column":48}},"9":{"start":{"line":31,"column":22},"end":{"line":31,"column":69}},"10":{"start":{"line":32,"column":24},"end":{"line":32,"column":38}},"11":{"start":{"line":35,"column":0},"end":{"line":38,"column":1}},"12":{"start":{"line":37,"column":1},"end":{"line":37,"column":72}}},"fnMap":{},"branchMap":{"0":{"loc":{"start":{"line":13,"column":23},"end":{"line":13,"column":68}},"type":"binary-expr","locations":[{"start":{"line":13,"column":23},"end":{"line":13,"column":62}},{"start":{"line":13,"column":66},"end":{"line":13,"column":68}}],"line":13},"1":{"loc":{"start":{"line":14,"column":17},"end":{"line":14,"column":99}},"type":"binary-expr","locations":[{"start":{"line":14,"column":17},"end":{"line":14,"column":41}},{"start":{"line":14,"column":46},"end":{"line":14,"column":62}},{"start":{"line":14,"column":66},"end":{"line":14,"column":98}}],"line":14},"2":{"loc":{"start":{"line":20,"column":29},"end":{"line":20,"column":86}},"type":"cond-expr","locations":[{"start":{"line":20,"column":57},"end":{"line":20,"column":72}},{"start":{"line":20,"column":75},"end":{"line":20,"column":86}}],"line":20},"3":{"loc":{"start":{"line":23,"column":25},"end":{"line":23,"column":75}},"type":"binary-expr","locations":[{"start":{"line":23,"column":25},"end":{"line":23,"column":34}},{"start":{"line":23,"column":38},"end":{"line":23,"column":75}}],"line":23},"4":{"loc":{"start":{"line":31,"column":22},"end":{"line":31,"column":69}},"type":"binary-expr","locations":[{"start":{"line":31,"column":22},"end":{"line":31,"column":28}},{"start":{"line":31,"column":32},"end":{"line":31,"column":69}}],"line":31},"5":{"loc":{"start":{"line":35,"column":0},"end":{"line":38,"column":1}},"type":"if","locations":[{"start":{"line":35,"column":0},"end":{"line":38,"column":1}},{"start":{},"end":{}}],"line":35}},"s":{"0":0,"1":0,"2":0,"3":0,"4":0,"5":0,"6":0,"7":0,"8":0,"9":0,"10":0,"11":0,"12":0},"f":{},"b":{"0":[0,0],"1":[0,0,0],"2":[0,0],"3":[0,0],"4":[0,0],"5":[0,0]}}
,"F:\\App\\FE\\config\\apiConfig.ts": {"path":"F:\\App\\FE\\config\\apiConfig.ts","statementMap":{"0":{"start":{"line":5,"column":18},"end":{"line":5,"column":107}},"1":{"start":{"line":6,"column":15},"end":{"line":6,"column":98}},"2":{"start":{"line":8,"column":16},"end":{"line":8,"column":56}},"3":{"start":{"line":9,"column":23},"end":{"line":9,"column":78}},"4":{"start":{"line":10,"column":17},"end":{"line":10,"column":99}},"5":{"start":{"line":13,"column":23},"end":{"line":13,"column":61}},"6":{"start":{"line":16,"column":24},"end":{"line":16,"column":37}},"7":{"start":{"line":17,"column":29},"end":{"line":17,"column":86}},"8":{"start":{"line":18,"column":16},"end":{"line":18,"column":53}},"9":{"start":{"line":21,"column":24},"end":{"line":21,"column":61}},"10":{"start":{"line":22,"column":25},"end":{"line":22,"column":33}},"11":{"start":{"line":23,"column":22},"end":{"line":23,"column":30}},"12":{"start":{"line":26,"column":26},"end":{"line":26,"column":52}},"13":{"start":{"line":28,"column":26},"end":{"line":36,"column":1}}},"fnMap":{},"branchMap":{"0":{"loc":{"start":{"line":5,"column":18},"end":{"line":5,"column":107}},"type":"binary-expr","locations":[{"start":{"line":5,"column":18},"end":{"line":5,"column":61}},{"start":{"line":5,"column":65},"end":{"line":5,"column":107}}],"line":5},"1":{"loc":{"start":{"line":6,"column":15},"end":{"line":6,"column":98}},"type":"binary-expr","locations":[{"start":{"line":6,"column":15},"end":{"line":6,"column":55}},{"start":{"line":6,"column":59},"end":{"line":6,"column":98}}],"line":6},"2":{"loc":{"start":{"line":9,"column":23},"end":{"line":9,"column":78}},"type":"binary-expr","locations":[{"start":{"line":9,"column":23},"end":{"line":9,"column":72}},{"start":{"line":9,"column":76},"end":{"line":9,"column":78}}],"line":9},"3":{"loc":{"start":{"line":10,"column":17},"end":{"line":10,"column":99}},"type":"binary-expr","locations":[{"start":{"line":10,"column":17},"end":{"line":10,"column":41}},{"start":{"line":10,"column":46},"end":{"line":10,"column":62}},{"start":{"line":10,"column":66},"end":{"line":10,"column":98}}],"line":10},"4":{"loc":{"start":{"line":17,"column":29},"end":{"line":17,"column":86}},"type":"cond-expr","locations":[{"start":{"line":17,"column":57},"end":{"line":17,"column":72}},{"start":{"line":17,"column":75},"end":{"line":17,"column":86}}],"line":17},"5":{"loc":{"start":{"line":21,"column":24},"end":{"line":21,"column":61}},"type":"binary-expr","locations":[{"start":{"line":21,"column":24},"end":{"line":21,"column":33}},{"start":{"line":21,"column":37},"end":{"line":21,"column":43}},{"start":{"line":21,"column":47},"end":{"line":21,"column":61}}],"line":21}},"s":{"0":2,"1":2,"2":2,"3":2,"4":2,"5":2,"6":2,"7":2,"8":2,"9":2,"10":2,"11":2,"12":2,"13":2},"f":{},"b":{"0":[2,2],"1":[2,2],"2":[2,2],"3":[2,2,0],"4":[0,2],"5":[2,2,2]},"_coverageSchema":"1a1c01bbd47fc00a2c39e90264f33305004495a9","hash":"c3f02fbb244663b65de19bbeec8cc00f92cac4ff"}
,"F:\\App\\FE\\services\\APIService.js": {"path":"F:\\App\\FE\\services\\APIService.js","statementMap":{"0":{"start":{"line":4,"column":13},"end":{"line":4,"column":33}},"1":{"start":{"line":5,"column":20},"end":{"line":5,"column":41}},"2":{"start":{"line":6,"column":12},"end":{"line":6,"column":74}},"3":{"start":{"line":6,"column":29},"end":{"line":6,"column":47}},"4":{"start":{"line":7,"column":1},"end":{"line":31,"column":2}},"5":{"start":{"line":8,"column":14},"end":{"line":16,"column":4}},"6":{"start":{"line":17,"column":2},"end":{"line":20,"column":3}},"7":{"start":{"line":18,"column":16},"end":{"line":18,"column":48}},"8":{"start":{"line":18,"column":45},"end":{"line":18,"column":47}},"9":{"start":{"line":19,"column":3},"end":{"line":19,"column":100}},"10":{"start":{"line":21,"column":13},"end":{"line":21,"column":50}},"11":{"start":{"line":22,"column":2},"end":{"line":22,"column":67}},"12":{"start":{"line":24,"column":2},"end":{"line":26,"column":3}},"13":{"start":{"line":25,"column":3},"end":{"line":25,"column":48}},"14":{"start":{"line":28,"column":2},"end":{"line":28,"column":73}},"15":{"start":{"line":30,"column":2},"end":{"line":30,"column":19}},"16":{"start":{"line":34,"column":26},"end":{"line":61,"column":1}},"17":{"start":{"line":36,"column":22},"end":{"line":36,"column":96}},"18":{"start":{"line":37,"column":22},"end":{"line":37,"column":95}},"19":{"start":{"line":38,"column":16},"end":{"line":38,"column":59}},"20":{"start":{"line":39,"column":29},"end":{"line":39,"column":112}},"21":{"start":{"line":40,"column":29},"end":{"line":40,"column":111}},"22":{"start":{"line":44,"column":16},"end":{"line":44,"column":54}},"23":{"start":{"line":45,"column":2},"end":{"line":45,"column":73}},"24":{"start":{"line":47,"column":22},"end":{"line":47,"column":64}},"25":{"start":{"line":48,"column":26},"end":{"line":48,"column":94}},"26":{"start":{"line":49,"column":30},"end":{"line":49,"column":103}},"27":{"start":{"line":50,"column":21},"end":{"line":50,"column":66}},"28":{"start":{"line":53,"column":26},"end":{"line":53,"column":67}},"29":{"start":{"line":54,"column":40},"end":{"line":54,"column":93}},"30":{"start":{"line":55,"column":46},"end":{"line":55,"column":130}},"31":{"start":{"line":56,"column":37},"end":{"line":56,"column":93}},"32":{"start":{"line":59,"column":28},"end":{"line":59,"column":65}},"33":{"start":{"line":60,"column":33},"end":{"line":60,"column":70}}},"fnMap":{"0":{"name":"request","decl":{"start":{"line":3,"column":15},"end":{"line":3,"column":22}},"loc":{"start":{"line":3,"column":43},"end":{"line":32,"column":1}},"line":3},"1":{"name":"(anonymous_1)","decl":{"start":{"line":6,"column":23},"end":{"line":6,"column":24}},"loc":{"start":{"line":6,"column":29},"end":{"line":6,"column":47}},"line":6},"2":{"name":"(anonymous_2)","decl":{"start":{"line":18,"column":39},"end":{"line":18,"column":40}},"loc":{"start":{"line":18,"column":45},"end":{"line":18,"column":47}},"line":18},"3":{"name":"(anonymous_3)","decl":{"start":{"line":36,"column":9},"end":{"line":36,"column":10}},"loc":{"start":{"line":36,"column":22},"end":{"line":36,"column":96}},"line":36},"4":{"name":"(anonymous_4)","decl":{"start":{"line":37,"column":9},"end":{"line":37,"column":10}},"loc":{"start":{"line":37,"column":22},"end":{"line":37,"column":95}},"line":37},"5":{"name":"(anonymous_5)","decl":{"start":{"line":38,"column":10},"end":{"line":38,"column":11}},"loc":{"start":{"line":38,"column":16},"end":{"line":38,"column":59}},"line":38},"6":{"name":"(anonymous_6)","decl":{"start":{"line":39,"column":16},"end":{"line":39,"column":17}},"loc":{"start":{"line":39,"column":29},"end":{"line":39,"column":112}},"line":39},"7":{"name":"(anonymous_7)","decl":{"start":{"line":40,"column":16},"end":{"line":40,"column":17}},"loc":{"start":{"line":40,"column":29},"end":{"line":40,"column":111}},"line":40},"8":{"name":"(anonymous_8)","decl":{"start":{"line":43,"column":11},"end":{"line":43,"column":12}},"loc":{"start":{"line":43,"column":28},"end":{"line":46,"column":2}},"line":43},"9":{"name":"(anonymous_9)","decl":{"start":{"line":47,"column":14},"end":{"line":47,"column":15}},"loc":{"start":{"line":47,"column":22},"end":{"line":47,"column":64}},"line":47},"10":{"name":"(anonymous_10)","decl":{"start":{"line":48,"column":13},"end":{"line":48,"column":14}},"loc":{"start":{"line":48,"column":26},"end":{"line":48,"column":94}},"line":48},"11":{"name":"(anonymous_11)","decl":{"start":{"line":49,"column":13},"end":{"line":49,"column":14}},"loc":{"start":{"line":49,"column":30},"end":{"line":49,"column":103}},"line":49},"12":{"name":"(anonymous_12)","decl":{"start":{"line":50,"column":13},"end":{"line":50,"column":14}},"loc":{"start":{"line":50,"column":21},"end":{"line":50,"column":66}},"line":50},"13":{"name":"(anonymous_13)","decl":{"start":{"line":53,"column":20},"end":{"line":53,"column":21}},"loc":{"start":{"line":53,"column":26},"end":{"line":53,"column":67}},"line":53},"14":{"name":"(anonymous_14)","decl":{"start":{"line":54,"column":26},"end":{"line":54,"column":27}},"loc":{"start":{"line":54,"column":40},"end":{"line":54,"column":93}},"line":54},"15":{"name":"(anonymous_15)","decl":{"start":{"line":55,"column":23},"end":{"line":55,"column":24}},"loc":{"start":{"line":55,"column":46},"end":{"line":55,"column":130}},"line":55},"16":{"name":"(anonymous_16)","decl":{"start":{"line":56,"column":23},"end":{"line":56,"column":24}},"loc":{"start":{"line":56,"column":37},"end":{"line":56,"column":93}},"line":56},"17":{"name":"(anonymous_17)","decl":{"start":{"line":59,"column":22},"end":{"line":59,"column":23}},"loc":{"start":{"line":59,"column":28},"end":{"line":59,"column":65}},"line":59},"18":{"name":"(anonymous_18)","decl":{"start":{"line":60,"column":27},"end":{"line":60,"column":28}},"loc":{"start":{"line":60,"column":33},"end":{"line":60,"column":70}},"line":60}},"branchMap":{"0":{"loc":{"start":{"line":3,"column":29},"end":{"line":3,"column":41}},"type":"default-arg","locations":[{"start":{"line":3,"column":39},"end":{"line":3,"column":41}}],"line":3},"1":{"loc":{"start":{"line":6,"column":49},"end":{"line":6,"column":73}},"type":"binary-expr","locations":[{"start":{"line":6,"column":49},"end":{"line":6,"column":64}},{"start":{"line":6,"column":68},"end":{"line":6,"column":73}}],"line":6},"2":{"loc":{"start":{"line":11,"column":8},"end":{"line":11,"column":29}},"type":"binary-expr","locations":[{"start":{"line":11,"column":8},"end":{"line":11,"column":23}},{"start":{"line":11,"column":27},"end":{"line":11,"column":29}}],"line":11},"3":{"loc":{"start":{"line":17,"column":2},"end":{"line":20,"column":3}},"type":"if","locations":[{"start":{"line":17,"column":2},"end":{"line":20,"column":3}},{"start":{},"end":{}}],"line":17},"4":{"loc":{"start":{"line":21,"column":13},"end":{"line":21,"column":50}},"type":"binary-expr","locations":[{"start":{"line":21,"column":13},"end":{"line":21,"column":44}},{"start":{"line":21,"column":48},"end":{"line":21,"column":50}}],"line":21},"5":{"loc":{"start":{"line":22,"column":9},"end":{"line":22,"column":66}},"type":"cond-expr","locations":[{"start":{"line":22,"column":43},"end":{"line":22,"column":53}},{"start":{"line":22,"column":56},"end":{"line":22,"column":66}}],"line":22},"6":{"loc":{"start":{"line":24,"column":2},"end":{"line":26,"column":3}},"type":"if","locations":[{"start":{"line":24,"column":2},"end":{"line":26,"column":3}},{"start":{},"end":{}}],"line":24},"7":{"loc":{"start":{"line":28,"column":51},"end":{"line":28,"column":69}},"type":"binary-expr","locations":[{"start":{"line":28,"column":51},"end":{"line":28,"column":62}},{"start":{"line":28,"column":66},"end":{"line":28,"column":69}}],"line":28},"8":{"loc":{"start":{"line":43,"column":12},"end":{"line":43,"column":23}},"type":"default-arg","locations":[{"start":{"line":43,"column":21},"end":{"line":43,"column":23}}],"line":43},"9":{"loc":{"start":{"line":45,"column":26},"end":{"line":45,"column":50}},"type":"cond-expr","locations":[{"start":{"line":45,"column":34},"end":{"line":45,"column":45}},{"start":{"line":45,"column":48},"end":{"line":45,"column":50}}],"line":45}},"s":{"0":18,"1":18,"2":18,"3":0,"4":18,"5":18,"6":16,"7":4,"8":0,"9":4,"10":12,"11":12,"12":6,"13":0,"14":6,"15":18,"16":2,"17":1,"18":3,"19":0,"20":0,"21":0,"22":7,"23":7,"24":2,"25":3,"26":0,"27":0,"28":0,"29":1,"30":0,"31":0,"32":1,"33":0},"f":{"0":18,"1":0,"2":0,"3":1,"4":3,"5":0,"6":0,"7":0,"8":7,"9":2,"10":3,"11":0,"12":0,"13":0,"14":1,"15":0,"16":0,"17":1,"18":0},"b":{"0":[0],"1":[18,18],"2":[18,18],"3":[4,12],"4":[12,0],"5":[12,0],"6":[0,6],"7":[6,0],"8":[5],"9":[2,5]},"_coverageSchema":"1a1c01bbd47fc00a2c39e90264f33305004495a9","hash":"527f6c3362607b5212a68dbef86639df0a4644ba"}
,"F:\\App\\FE\\services\\AuthService.js": {"path":"F:\\App\\FE\\services\\AuthService.js","statementMap":{"0":{"start":{"line":3,"column":27},"end":{"line":11,"column":1}},"1":{"start":{"line":4,"column":43},"end":{"line":4,"column":100}},"2":{"start":{"line":5,"column":46},"end":{"line":5,"column":103}},"3":{"start":{"line":6,"column":15},"end":{"line":6,"column":35}},"4":{"start":{"line":9,"column":34},"end":{"line":9,"column":69}},"5":{"start":{"line":10,"column":54},"end":{"line":10,"column":105}}},"fnMap":{"0":{"name":"(anonymous_0)","decl":{"start":{"line":4,"column":8},"end":{"line":4,"column":9}},"loc":{"start":{"line":4,"column":43},"end":{"line":4,"column":100}},"line":4},"1":{"name":"(anonymous_1)","decl":{"start":{"line":5,"column":11},"end":{"line":5,"column":12}},"loc":{"start":{"line":5,"column":46},"end":{"line":5,"column":103}},"line":5},"2":{"name":"(anonymous_2)","decl":{"start":{"line":6,"column":9},"end":{"line":6,"column":10}},"loc":{"start":{"line":6,"column":15},"end":{"line":6,"column":35}},"line":6},"3":{"name":"(anonymous_3)","decl":{"start":{"line":9,"column":17},"end":{"line":9,"column":18}},"loc":{"start":{"line":9,"column":34},"end":{"line":9,"column":69}},"line":9},"4":{"name":"(anonymous_4)","decl":{"start":{"line":10,"column":17},"end":{"line":10,"column":18}},"loc":{"start":{"line":10,"column":54},"end":{"line":10,"column":105}},"line":10}},"branchMap":{"0":{"loc":{"start":{"line":4,"column":70},"end":{"line":4,"column":87}},"type":"binary-expr","locations":[{"start":{"line":4,"column":70},"end":{"line":4,"column":75}},{"start":{"line":4,"column":79},"end":{"line":4,"column":87}}],"line":4},"1":{"loc":{"start":{"line":5,"column":73},"end":{"line":5,"column":90}},"type":"binary-expr","locations":[{"start":{"line":5,"column":73},"end":{"line":5,"column":78}},{"start":{"line":5,"column":82},"end":{"line":5,"column":90}}],"line":5}},"s":{"0":2,"1":3,"2":1,"3":0,"4":0,"5":0},"f":{"0":3,"1":1,"2":0,"3":0,"4":0},"b":{"0":[3,0],"1":[1,0]},"_coverageSchema":"1a1c01bbd47fc00a2c39e90264f33305004495a9","hash":"4bfdd30e28de69786939e8d608de6739b897f248"}
}
